#
# A fatal error has been detected by the Java Runtime Environment:
#
#  SIGSEGV (0xb) at pc=0x00007f0a6e217a81, pid=28307, tid=28339
#
# JRE version: OpenJDK Runtime Environment Temurin-23.0.2+7 (23.0.2+7) (build 23.0.2+7)
# Java VM: OpenJDK 64-Bit Server VM Temurin-23.0.2+7 (23.0.2+7, mixed mode, sharing, tiered, compressed oops, compressed class ptrs, g1 gc, linux-amd64)
# Problematic frame:
# V  [libjvm.so+0x817a81]  G1ParScanThreadState::trim_queue_to_threshold(unsigned int)+0x3821
#
# Core dump will be written. Default location: Core dumps may be processed with "/usr/lib/systemd/systemd-coredump %P %u %g %s %t %c %h %d %F" (or dumping to /home/fish/IDEAProjects/sockeye-d.github.io/core.28307)
#
# If you would like to submit a bug report, please visit:
#   https://github.com/adoptium/adoptium-support/issues
#

---------------  S U M M A R Y ------------

Command Line: -Dfile.encoding=UTF-8 -Duser.country=US -Duser.language=en -Duser.variant dev.fishies.coho.cli.MainKt serve

Host: 12th Gen Intel(R) Core(TM) i9-12900K, 24 cores, 46G, Arch Linux
Time: Sun Sep 21 00:49:54 2025 PDT elapsed time: 3.400094 seconds (0d 0h 0m 3s)

---------------  T H R E A D  ---------------

Current thread (0x00007f09d800fe20):  WorkerThread "GC Thread#9"    [id=28339, stack(0x00007f0a30aec000,0x00007f0a30bec000) (1024K)]

Stack: [0x00007f0a30aec000,0x00007f0a30bec000],  sp=0x00007f0a30beaab0,  free space=1018k
Native frames: (J=compiled Java code, j=interpreted, Vv=VM code, C=native code)
V  [libjvm.so+0x817a81]  G1ParScanThreadState::trim_queue_to_threshold(unsigned int)+0x3821
V  [libjvm.so+0x81a3ea]  G1ParScanThreadState::steal_and_trim_queue(GenericTaskQueueSet<OverflowTaskQueue<ScannerTask, (MEMFLAGS)5, 131072u>, (MEMFLAGS)5>*)+0x43a
V  [libjvm.so+0x852183]  G1ParEvacuateFollowersClosure::do_void()+0xc3
V  [libjvm.so+0x85288b]  G1EvacuateRegionsTask::evacuate_live_objects(G1ParScanThreadState*, unsigned int)+0x8b
V  [libjvm.so+0x8500fa]  G1EvacuateRegionsBaseTask::work(unsigned int)+0x9a
V  [libjvm.so+0x102f1a0]  WorkerThread::run()+0x80
V  [libjvm.so+0xf6ba68]  Thread::call_run()+0xa8
V  [libjvm.so+0xcf5cda]  thread_native_entry(Thread*)+0xda
C  [libc.so.6+0x969cb]

siginfo: si_signo: 11 (SIGSEGV), si_code: 1 (SEGV_MAPERR), si_addr: 0x0000000000000100

Registers:
RAX=0x0000000000000000, RBX=0x00007f0990000d60, RCX=0x0000000000000000, RDX=0x0000000000000001
RSP=0x00007f0a30beaab0, RBP=0x00007f0a30beab50, RSI=0x0000000000000000, RDI=0x00007f0a6de23160
R8 =0x0000000000000001, R9 =0x0000000000000001, R10=0x0000000000000000, R11=0x00000000a42c456d
R12=0x000000051ed2187d, R13=0x0000000521631c90, R14=0x00007f0a6eee25f0, R15=0x0000000000000000
RIP=0x00007f0a6e217a81, EFLAGS=0x0000000000010246, CSGSFS=0x002b000000000033, ERR=0x0000000000000004
  TRAPNO=0x000000000000000e


Register to memory mapping:

RAX=0x0 is null
RBX=0x00007f0990000d60 points into unknown readable memory: 0x00007f0a6ee15250 | 50 52 e1 6e 0a 7f 00 00
RCX=0x0 is null
RDX=0x0000000000000001 is an unknown value
RSP=0x00007f0a30beaab0 points into unknown readable memory: 0x0000000000000002 | 02 00 00 00 00 00 00 00
RBP=0x00007f0a30beab50 points into unknown readable memory: 0x00007f0a30beabf0 | f0 ab be 30 0a 7f 00 00
RSI=0x0 is null
RDI=0x00007f0a6de23160: <offset 0x0000000000423160> in /home/fish/.jdks/temurin-23.0.2/lib/server/libjvm.so at 0x00007f0a6da00000
R8 =0x0000000000000001 is an unknown value
R9 =0x0000000000000001 is an unknown value
R10=0x0 is null
R11=2754364781 is a compressed pointer to object: java.util.ArrayList 
{0x0000000521622b68} - klass: 'java/util/ArrayList'
 - ---- fields (total size 3 words):
 - protected transient 'modCount' 'I' @12  2230 (0x000008b6)
 - private 'size' 'I' @16  2230 (0x000008b6)
 - transient 'elementData' '[Ljava/lang/Object;' @20  a 'java/lang/Object'[2776] {0x000000052168ea28} (0xa42d1d45)
R12=
[error occurred during error reporting (printing register info), id 0xb, SIGSEGV (0xb) at pc=0x00007f0a6e1bb683]
R13=0x0000000521631c90 points into unknown readable memory: 0x00000000a42c456d | 6d 45 2c a4 00 00 00 00
R14=0x00007f0a6eee25f0: <offset 0x00000000014e25f0> in /home/fish/.jdks/temurin-23.0.2/lib/server/libjvm.so at 0x00007f0a6da00000
R15=0x0 is null

Top of Stack: (sp=0x00007f0a30beaab0)
0x00007f0a30beaab0:   0000000000000002 00007f0990000ee0
0x00007f0a30beaac0:   0000000000000001 000000000000000c
0x00007f0a30beaad0:   00007f0a00000000 00007f0a680d0340
0x00007f0a30beaae0:   0000000500000001 000000051ed20000
0x00007f0a30beaaf0:   00007f0a6eee0ea0 000000001dabeb30
0x00007f0a30beab00:   00007f09e2000001 000000051ed21868
0x00007f0a30beab10:   0000010a30beab40 0000000000000001
0x00007f0a30beab20:   0000000514863421 00007f0a6ef20fcc
0x00007f0a30beab30:   000000051fcd63d0 0000000000000000
0x00007f0a30beab40:   00007f0990000d60 00007f0a68002e50
0x00007f0a30beab50:   00007f0a30beabf0 00007f0a6e21a3ea
0x00007f0a30beab60:   00007f0a6eee25f0 0000000000000000
0x00007f0a30beab70:   00007f0a00000000 0000000000000001
0x00007f0a30beab80:   00007f0a680cd820 00007f0a68002e00
0x00007f0a30beab90:   00007f09e3016070 000000051e8833b0
0x00007f0a30beaba0:   0000000000000003 000000051e8001ad
0x00007f0a30beabb0:   0000010990000d60 0000000000000001
0x00007f0a30beabc0:   0000000000000000 00007f0a30beace0
0x00007f0a30beabd0:   00007f0a6ef26ba0 00007f0a6eb17604
0x00007f0a30beabe0:   00007f0990000d60 0000000000000000
0x00007f0a30beabf0:   00007f0a30beacb0 00007f0a6e252183
0x00007f0a30beac00:   0000000000000005 00007f0a30beac90
0x00007f0a30beac10:   00007f0a30beac80 00007f0a6e1bb394
0x00007f0a30beac20:   0000000000000000 0000000000000000
0x00007f0a30beac30:   0000000000000000 00007f0a6e1f387b
0x00007f0a30beac40:   0000000000000006 ffffffffffffffff
0x00007f0a30beac50:   0000000000000000 0000000000000000
0x00007f0a30beac60:   00007f0a30000000 00007f0a6f0e3b2d
0x00007f0a30beac70:   00007f0a30beac90 00007f0a6e7018a6
0x00007f0a30beac80:   0000000000000ce6 00007f0a40632080
0x00007f0a30beac90:   00007f09d8000f60 0000000000000003
0x00007f0a30beaca0:   0000000000000003 00000000000003d8 

Instructions: (pc=0x00007f0a6e217a81)
0x00007f0a6e217981:   48 8b 12 48 39 f2 0f 85 4b 03 00 00 31 d2 be 05
0x00007f0a6e217991:   00 00 00 48 89 c7 e8 44 1d c0 ff 48 89 c2 49 8b
0x00007f0a6e2179a1:   86 88 02 00 00 48 8d 04 c2 e9 87 f7 ff ff 31 d2
0x00007f0a6e2179b1:   be 05 00 00 00 bf 18 02 00 00 48 89 4d b8 e8 1c
0x00007f0a6e2179c1:   1d c0 ff 48 8b 4d b8 48 89 80 00 02 00 00 49 89
0x00007f0a6e2179d1:   c7 48 c7 80 08 02 00 00 00 00 00 00 48 c7 80 10
0x00007f0a6e2179e1:   02 00 00 00 00 00 00 48 89 41 20 48 81 01 18 02
0x00007f0a6e2179f1:   00 00 48 8b 80 00 02 00 00 e9 50 eb ff ff 4c 8b
0x00007f0a6e217a01:   45 b0 4c 8b 6d a0 4d 89 e3 48 8b 5d 98 e9 dd ce
0x00007f0a6e217a11:   ff ff 4d 89 eb 4c 8b 45 b0 48 8b 5d 98 4c 8b 6d
0x00007f0a6e217a21:   a0 4c 8b 55 90 e9 d2 de ff ff 48 8b 45 b8 48 8d
0x00007f0a6e217a31:   3d 2a b7 c0 ff 45 31 db 48 8b 00 48 8b 80 00 01
0x00007f0a6e217a41:   00 00 48 39 f8 0f 84 d8 e4 ff ff 4c 89 45 90 48
0x00007f0a6e217a51:   8b 7d b8 4c 89 ee 4c 89 55 98 88 55 a0 ff d0 4c
0x00007f0a6e217a61:   8b 45 90 4c 8b 55 98 0f b6 55 a0 49 89 c3 e9 b0
0x00007f0a6e217a71:   e4 ff ff 48 8b 00 48 8d 3d e2 b6 c0 ff 45 31 d2
0x00007f0a6e217a81:   48 8b 80 00 01 00 00 48 39 f8 0f 84 0a e6 ff ff
0x00007f0a6e217a91:   4c 89 4d 88 48 8b 7d b0 4c 89 ee 4c 89 5d 90 44
0x00007f0a6e217aa1:   88 45 b8 ff d0 4c 8b 4d 88 4c 8b 5d 90 44 0f b6
0x00007f0a6e217ab1:   45 b8 49 89 c2 e9 e0 e5 ff ff 48 8b b3 98 01 00
0x00007f0a6e217ac1:   00 48 8b 56 08 8b 8a 10 02 00 00 48 8b ba 08 02
0x00007f0a6e217ad1:   00 00 48 8b 92 f0 01 00 00 48 d3 e7 44 89 c1 48
0x00007f0a6e217ae1:   29 f8 48 d3 e8 89 c0 48 8b 04 c2 8b 40 40 48 8d
0x00007f0a6e217af1:   14 80 48 8b 86 20 02 00 00 48 8d 0c d0 4c 8b 79
0x00007f0a6e217b01:   20 4d 85 ff 0f 84 00 14 00 00 49 8b 97 00 02 00
0x00007f0a6e217b11:   00 49 8d 87 00 02 00 00 48 39 c2 0f 84 96 13 00
0x00007f0a6e217b21:   00 4c 89 22 49 83 87 00 02 00 00 08 e9 37 e9 ff
0x00007f0a6e217b31:   ff 49 83 f9 02 0f 85 9a e5 ff ff 48 8d 7d c8 4c
0x00007f0a6e217b41:   89 55 80 4c 89 5d 88 44 88 45 b8 e8 6f e9 41 00
0x00007f0a6e217b51:   4c 8b 55 80 4c 8b 5d 88 48 c1 e8 03 44 0f b6 45
0x00007f0a6e217b61:   b8 83 e0 0f 89 45 90 89 c6 e9 76 e5 ff ff 49 83
0x00007f0a6e217b71:   f8 02 0f 85 e5 e3 ff ff 48 8d 7d c8 4c 89 5d 90 


Stack slot to memory mapping:

stack at sp + 0 slots: 0x0000000000000002 is an unknown value
stack at sp + 1 slots: 0x00007f0990000ee0 points into unknown readable memory: 0x00007f0a6ee15200 | 00 52 e1 6e 0a 7f 00 00
stack at sp + 2 slots: 0x0000000000000001 is an unknown value
stack at sp + 3 slots: 0x000000000000000c is an unknown value
stack at sp + 4 slots: 0x00007f0a00000000 is an unknown value
stack at sp + 5 slots: 0x00007f0a680d0340 points into unknown readable memory: 0x0000000521000000 | 00 00 00 21 05 00 00 00
stack at sp + 6 slots: 0x0000000500000001 is an unknown value
stack at sp + 7 slots: 0x000000051ed20000 is an oop: [Ljava.lang.Object; 
{0x000000051ed20000} - klass: 'java/lang/Object'[]
 - length: 22


---------------  P R O C E S S  ---------------

Threads class SMR info:
_java_thread_list=0x00007f09b4684980, length=20, elements={
0x00007f0a6802c3d0, 0x00007f0a68140140, 0x00007f0a681416b0, 0x00007f0a68142fe0,
0x00007f0a68144620, 0x00007f0a68145bc0, 0x00007f0a68147760, 0x00007f0a68148e70,
0x00007f0a68155cb0, 0x00007f0a68158bd0, 0x00007f09b803e540, 0x00007f09b803f860,
0x00007f09c40c05f0, 0x00007f09c40c18e0, 0x00007f09b42618f0, 0x00007f09c43d9d20,
0x00007f0948002390, 0x00007f0a6b17f300, 0x00007f09b4683430, 0x00007f09b4683e80
}

Java Threads: ( => current thread )
  0x00007f0a6802c3d0 JavaThread "main"                              [_thread_blocked, id=28309, stack(0x00007f0a6d900000,0x00007f0a6da00000) (1024K)]
  0x00007f0a68140140 JavaThread "Reference Handler"          daemon [_thread_blocked, id=28318, stack(0x00007f0a40100000,0x00007f0a40200000) (1024K)]
  0x00007f0a681416b0 JavaThread "Finalizer"                  daemon [_thread_blocked, id=28319, stack(0x00007f0a31f00000,0x00007f0a32000000) (1024K)]
  0x00007f0a68142fe0 JavaThread "Signal Dispatcher"          daemon [_thread_blocked, id=28320, stack(0x00007f0a31dff000,0x00007f0a31eff000) (1024K)]
  0x00007f0a68144620 JavaThread "Service Thread"             daemon [_thread_blocked, id=28321, stack(0x00007f0a31cfe000,0x00007f0a31dfe000) (1024K)]
  0x00007f0a68145bc0 JavaThread "Monitor Deflation Thread"   daemon [_thread_blocked, id=28322, stack(0x00007f0a31bfd000,0x00007f0a31cfd000) (1024K)]
  0x00007f0a68147760 JavaThread "C2 CompilerThread0"         daemon [_thread_in_native, id=28323, stack(0x00007f0a31afc000,0x00007f0a31bfc000) (1024K)]
  0x00007f0a68148e70 JavaThread "C1 CompilerThread0"         daemon [_thread_blocked, id=28324, stack(0x00007f0a319fb000,0x00007f0a31afb000) (1024K)]
  0x00007f0a68155cb0 JavaThread "Notification Thread"        daemon [_thread_blocked, id=28325, stack(0x00007f0a318fa000,0x00007f0a319fa000) (1024K)]
  0x00007f0a68158bd0 JavaThread "Common-Cleaner"             daemon [_thread_blocked, id=28326, stack(0x00007f0a317f9000,0x00007f0a318f9000) (1024K)]
  0x00007f09b803e540 JavaThread "C1 CompilerThread1"         daemon [_thread_blocked, id=28327, stack(0x00007f0a316f8000,0x00007f0a317f8000) (1024K)]
  0x00007f09b803f860 JavaThread "C1 CompilerThread2"         daemon [_thread_blocked, id=28328, stack(0x00007f0a315f7000,0x00007f0a316f7000) (1024K)]
  0x00007f09c40c05f0 JavaThread "C2 CompilerThread1"         daemon [_thread_in_native, id=28329, stack(0x00007f0a314f6000,0x00007f0a315f6000) (1024K)]
  0x00007f09c40c18e0 JavaThread "C2 CompilerThread2"         daemon [_thread_blocked, id=28330, stack(0x00007f0a313f5000,0x00007f0a314f5000) (1024K)]
  0x00007f09b42618f0 JavaThread "C1 CompilerThread3"         daemon [_thread_blocked, id=28349, stack(0x00007f0a301e3000,0x00007f0a302e3000) (1024K)]
  0x00007f09c43d9d20 JavaThread "C2 CompilerThread3"         daemon [_thread_blocked, id=28350, stack(0x00007f0a3003c000,0x00007f0a3013c000) (1024K)]
  0x00007f0948002390 JavaThread "C2 CompilerThread4"         daemon [_thread_blocked, id=28351, stack(0x00007f0a23e4b000,0x00007f0a23f4b000) (1024K)]
  0x00007f0a6b17f300 JavaThread "process reaper"             daemon [_thread_blocked, id=28365, stack(0x00007f0a40511000,0x00007f0a40533000) (136K)]
  0x00007f09b4683430 JavaThread "C2 CompilerThread5"         daemon [_thread_blocked, id=28367, stack(0x00007f0a23d4a000,0x00007f0a23e4a000) (1024K)]
  0x00007f09b4683e80 JavaThread "C2 CompilerThread6"         daemon [_thread_blocked, id=28368, stack(0x00007f0a23c49000,0x00007f0a23d49000) (1024K)]
Total: 20

Other Threads:
  0x00007f0a68136e60 VMThread "VM Thread"                           [id=28317, stack(0x00007f0a40534000,0x00007f0a40634000) (1024K)]
  0x00007f0a68124a00 WatcherThread "VM Periodic Task Thread"        [id=28316, stack(0x00007f0a40635000,0x00007f0a40735000) (1024K)]
  0x00007f0a68057000 WorkerThread "GC Thread#0"                     [id=28311, stack(0x00007f0a6c32e000,0x00007f0a6c42e000) (1024K)]
  0x00007f09d800a4a0 WorkerThread "GC Thread#1"                     [id=28331, stack(0x00007f0a312f4000,0x00007f0a313f4000) (1024K)]
  0x00007f09d800afc0 WorkerThread "GC Thread#2"                     [id=28332, stack(0x00007f0a311f3000,0x00007f0a312f3000) (1024K)]
  0x00007f09d800bae0 WorkerThread "GC Thread#3"                     [id=28333, stack(0x00007f0a310f2000,0x00007f0a311f2000) (1024K)]
  0x00007f09d800c600 WorkerThread "GC Thread#4"                     [id=28334, stack(0x00007f0a30ff1000,0x00007f0a310f1000) (1024K)]
  0x00007f09d800d120 WorkerThread "GC Thread#5"                     [id=28335, stack(0x00007f0a30ef0000,0x00007f0a30ff0000) (1024K)]
  0x00007f09d800dc40 WorkerThread "GC Thread#6"                     [id=28336, stack(0x00007f0a30def000,0x00007f0a30eef000) (1024K)]
  0x00007f09d800e760 WorkerThread "GC Thread#7"                     [id=28337, stack(0x00007f0a30cee000,0x00007f0a30dee000) (1024K)]
  0x00007f09d800f2c0 WorkerThread "GC Thread#8"                     [id=28338, stack(0x00007f0a30bed000,0x00007f0a30ced000) (1024K)]
=>0x00007f09d800fe20 WorkerThread "GC Thread#9"                     [id=28339, stack(0x00007f0a30aec000,0x00007f0a30bec000) (1024K)]
  0x00007f09d8010980 WorkerThread "GC Thread#10"                    [id=28340, stack(0x00007f0a309eb000,0x00007f0a30aeb000) (1024K)]
  0x00007f09d80114e0 WorkerThread "GC Thread#11"                    [id=28341, stack(0x00007f0a308ea000,0x00007f0a309ea000) (1024K)]
  0x00007f09d8012040 WorkerThread "GC Thread#12"                    [id=28342, stack(0x00007f0a307e9000,0x00007f0a308e9000) (1024K)]
  0x00007f09d8012ba0 WorkerThread "GC Thread#13"                    [id=28343, stack(0x00007f0a306e8000,0x00007f0a307e8000) (1024K)]
  0x00007f09d8013700 WorkerThread "GC Thread#14"                    [id=28344, stack(0x00007f0a305e7000,0x00007f0a306e7000) (1024K)]
  0x00007f09d8014260 WorkerThread "GC Thread#15"                    [id=28345, stack(0x00007f0a304e6000,0x00007f0a305e6000) (1024K)]
  0x00007f09d80151b0 WorkerThread "GC Thread#16"                    [id=28346, stack(0x00007f0a303e5000,0x00007f0a304e5000) (1024K)]
  0x00007f09d8016100 WorkerThread "GC Thread#17"                    [id=28347, stack(0x00007f0a302e4000,0x00007f0a303e4000) (1024K)]
  0x00007f0a680670f0 ConcurrentGCThread "G1 Main Marker"            [id=28312, stack(0x00007f0a6c22d000,0x00007f0a6c32d000) (1024K)]
  0x00007f0a680680c0 WorkerThread "G1 Conc#0"                       [id=28313, stack(0x00007f0a6c12c000,0x00007f0a6c22c000) (1024K)]
  0x00007f0a34000d60 WorkerThread "G1 Conc#1"                       [id=28355, stack(0x00007f0a2389b000,0x00007f0a2399b000) (1024K)]
  0x00007f0a34001890 WorkerThread "G1 Conc#2"                       [id=28356, stack(0x00007f0a2379a000,0x00007f0a2389a000) (1024K)]
  0x00007f0a340023c0 WorkerThread "G1 Conc#3"                       [id=28357, stack(0x00007f0a23300000,0x00007f0a23400000) (1024K)]
  0x00007f0a34002f20 WorkerThread "G1 Conc#4"                       [id=28358, stack(0x00007f0a231ff000,0x00007f0a232ff000) (1024K)]
  0x00007f0a6810aad0 ConcurrentGCThread "G1 Refine#0"               [id=28314, stack(0x00007f0a408b8000,0x00007f0a409b8000) (1024K)]
  0x00007f0a6810ba90 ConcurrentGCThread "G1 Service"                [id=28315, stack(0x00007f0a407b7000,0x00007f0a408b7000) (1024K)]
Total: 28

Threads with active compile tasks:
C2 CompilerThread0  3401 13415 % !   4       java.util.jar.Attributes::read @ 214 (494 bytes)
C2 CompilerThread1  3401 13284       4       org.jetbrains.kotlin.fir.deserialization.FirMemberDeserializer::addValueParametersTo (438 bytes)
C2 CompilerThread6  3401 13364       4       org.jetbrains.kotlin.fir.deserialization.FirMemberDeserializer::loadFunction (1382 bytes)
Total: 3

VM state: at safepoint (normal execution)

VM Mutex/Monitor currently owned by a thread:  ([mutex/lock_event])
[0x00007f0a6ef4dc90] Threads_lock - owner thread: 0x00007f0a68136e60
[0x00007f0a6ef4db90] Heap_lock - owner thread: 0x00007f0a6802c3d0

Heap address: 0x0000000512800000, size: 11992 MB, Compressed Oops mode: Zero based, Oop shift amount: 3

CDS archive(s) mapped at: [0x00007f09e2000000-0x00007f09e2d97000-0x00007f09e2d97000), size 14249984, SharedBaseAddress: 0x00007f09e2000000, ArchiveRelocationMode: 1.
Compressed class space mapped at: 0x00007f09e3000000-0x00007f0a23000000, reserved size: 1073741824
Narrow klass base: 0x00007f09e2000000, Narrow klass shift: 0, Narrow klass range: 0x100000000

GC Precious Log:
 CardTable entry size: 512
 Card Set container configuration: InlinePtr #cards 4 size 8 Array Of Cards #cards 64 size 144 Howl #buckets 8 coarsen threshold 14745 Howl Bitmap #cards 2048 size 272 coarsen threshold 1843 Card regions per heap region 1 cards per card region 16384
 CPUs: 24 total, 24 available
 Memory: 47939M
 Large Page Support: Disabled
 NUMA Support: Disabled
 Compressed Oops: Enabled (Zero based)
 Heap Region Size: 8M
 Heap Min Capacity: 8M
 Heap Initial Capacity: 752M
 Heap Max Capacity: 11992M
 Pre-touch: Disabled
 Parallel Workers: 18
 Concurrent Workers: 5
 Concurrent Refinement Workers: 18
 Periodic GC: Disabled

Heap:
 garbage-first heap   total reserved 12279808K, committed 303104K, used 237388K [0x0000000512800000, 0x0000000800000000)
  region size 8192K, 14 young (114688K), 2 survivors (16384K)
 Metaspace       used 80163K, committed 80704K, reserved 1179648K
  class space    used 8943K, committed 9152K, reserved 1048576K

Heap Regions: E=young(eden), S=young(survivor), O=old, HS=humongous(starts), HC=humongous(continues), CS=collection set, F=free, TAMS=top-at-mark-start, PB=parsable bottom
|   0|0x0000000512800000, 0x0000000513000000, 0x0000000513000000|100%| O|  |TAMS 0x0000000512800000| PB 0x0000000512800000| Untracked |  0
|   1|0x0000000513000000, 0x0000000513800000, 0x0000000513800000|100%| O|  |TAMS 0x0000000513000000| PB 0x0000000513000000| Untracked |  0
|   2|0x0000000513800000, 0x0000000514000000, 0x0000000514000000|100%| O|  |TAMS 0x0000000513800000| PB 0x0000000513800000| Untracked |  0
|   3|0x0000000514000000, 0x0000000514800000, 0x0000000514800000|100%| O|  |TAMS 0x0000000514000000| PB 0x0000000514000000| Untracked |  0
|   4|0x0000000514800000, 0x0000000515000000, 0x0000000515000000|100%| O|  |TAMS 0x0000000514800000| PB 0x0000000514800000| Untracked |  0
|   5|0x0000000515000000, 0x0000000515800000, 0x0000000515800000|100%| O|  |TAMS 0x0000000515000000| PB 0x0000000515000000| Untracked |  0
|   6|0x0000000515800000, 0x0000000516000000, 0x0000000516000000|100%| O|  |TAMS 0x0000000515800000| PB 0x0000000515800000| Untracked |  0
|   7|0x0000000516000000, 0x0000000516800000, 0x0000000516800000|100%| O|  |TAMS 0x0000000516000000| PB 0x0000000516000000| Untracked |  0
|   8|0x0000000516800000, 0x0000000517000000, 0x0000000517000000|100%| O|  |TAMS 0x0000000516800000| PB 0x0000000516800000| Untracked |  0
|   9|0x0000000517000000, 0x00000005173d0980, 0x0000000517800000| 47%| O|  |TAMS 0x0000000517000000| PB 0x0000000517000000| Untracked |  0
|  10|0x0000000517800000, 0x0000000518000000, 0x0000000518000000|100%| O|  |TAMS 0x0000000517800000| PB 0x0000000517800000| Untracked |  0
|  11|0x0000000518000000, 0x0000000518800000, 0x0000000518800000|100%| O|  |TAMS 0x0000000518000000| PB 0x0000000518000000| Untracked |  0
|  12|0x0000000518800000, 0x0000000519000000, 0x0000000519000000|100%| O|  |TAMS 0x0000000518800000| PB 0x0000000518800000| Untracked |  0
|  13|0x0000000519000000, 0x00000005191436d0, 0x0000000519800000| 15%| O|  |TAMS 0x0000000519000000| PB 0x0000000519000000| Untracked |  0
|  14|0x0000000519800000, 0x0000000519800000, 0x000000051a000000|  0%| F|  |TAMS 0x0000000519800000| PB 0x0000000519800000| Untracked |  0
|  15|0x000000051a000000, 0x000000051a000000, 0x000000051a800000|  0%| F|  |TAMS 0x000000051a000000| PB 0x000000051a000000| Untracked |  0
|  16|0x000000051a800000, 0x000000051b000000, 0x000000051b000000|100%| O|  |TAMS 0x000000051a800000| PB 0x000000051a800000| Untracked |  0
|  17|0x000000051b000000, 0x000000051b800000, 0x000000051b800000|100%| O|  |TAMS 0x000000051b000000| PB 0x000000051b000000| Untracked |  0
|  18|0x000000051b800000, 0x000000051c000000, 0x000000051c000000|100%| O|  |TAMS 0x000000051b800000| PB 0x000000051b800000| Untracked |  0
|  19|0x000000051c000000, 0x000000051c000000, 0x000000051c800000|  0%| F|  |TAMS 0x000000051c000000| PB 0x000000051c000000| Untracked |  0
|  20|0x000000051c800000, 0x000000051c800000, 0x000000051d000000|  0%| F|  |TAMS 0x000000051c800000| PB 0x000000051c800000| Untracked |  0
|  21|0x000000051d000000, 0x000000051d508130, 0x000000051d800000| 62%| E|CS|TAMS 0x000000051d000000| PB 0x000000051d000000| Complete |  0
|  22|0x000000051d800000, 0x000000051e000000, 0x000000051e000000|100%| E|CS|TAMS 0x000000051d800000| PB 0x000000051d800000| Complete |  0
|  23|0x000000051e000000, 0x000000051e688aa0, 0x000000051e800000| 81%| S|  |TAMS 0x000000051e000000| PB 0x000000051e000000| Complete |  0
|  24|0x000000051e800000, 0x000000051f000000, 0x000000051f000000|100%| S|  |TAMS 0x000000051e800000| PB 0x000000051e800000| Complete |  0
|  25|0x000000051f000000, 0x000000051f800000, 0x000000051f800000|100%| E|CS|TAMS 0x000000051f000000| PB 0x000000051f000000| Complete |  0
|  26|0x000000051f800000, 0x0000000520000000, 0x0000000520000000|100%| E|CS|TAMS 0x000000051f800000| PB 0x000000051f800000| Complete |  0
|  27|0x0000000520000000, 0x0000000520800000, 0x0000000520800000|100%| E|CS|TAMS 0x0000000520000000| PB 0x0000000520000000| Complete |  0
|  28|0x0000000520800000, 0x0000000521000000, 0x0000000521000000|100%| E|CS|TAMS 0x0000000520800000| PB 0x0000000520800000| Complete |  0
|  29|0x0000000521000000, 0x0000000521800000, 0x0000000521800000|100%| E|CS|TAMS 0x0000000521000000| PB 0x0000000521000000| Complete |  0
|  30|0x0000000521800000, 0x0000000522000000, 0x0000000522000000|100%| E|CS|TAMS 0x0000000521800000| PB 0x0000000521800000| Complete |  0
|  31|0x0000000522000000, 0x0000000522800000, 0x0000000522800000|100%| E|CS|TAMS 0x0000000522000000| PB 0x0000000522000000| Complete |  0
|  32|0x0000000522800000, 0x0000000523000000, 0x0000000523000000|100%| E|CS|TAMS 0x0000000522800000| PB 0x0000000522800000| Complete |  0
|  33|0x0000000523000000, 0x0000000523800000, 0x0000000523800000|100%| E|CS|TAMS 0x0000000523000000| PB 0x0000000523000000| Complete |  0
|  34|0x0000000523800000, 0x0000000524000000, 0x0000000524000000|100%| E|CS|TAMS 0x0000000523800000| PB 0x0000000523800000| Complete |  0
|  93|0x0000000541000000, 0x0000000541800000, 0x0000000541800000|100%| E|CS|TAMS 0x0000000541000000| PB 0x0000000541000000| Complete |  0
|1498|0x00000007ff800000, 0x0000000800000000, 0x0000000800000000|100%| E|CS|TAMS 0x00000007ff800000| PB 0x00000007ff800000| Complete |  0

Card table byte_map: [0x00007f0a4d528000,0x00007f0a4ec94000] _byte_map_base: 0x00007f0a4ac94000

Marking Bits: (CMBitMap*) 0x00007f0a68057b30
 Bits: [0x00007f0a419c8000, 0x00007f0a4d528000)

Polling page: 0x00007f0a6f38b000

Metaspace:

Usage:
  Non-class:     69.55 MB used.
      Class:      8.73 MB used.
       Both:     78.28 MB used.

Virtual space:
  Non-class space:      128.00 MB reserved,      69.88 MB ( 55%) committed,  2 nodes.
      Class space:        1.00 GB reserved,       8.94 MB ( <1%) committed,  1 nodes.
             Both:        1.12 GB reserved,      78.81 MB (  7%) committed. 

Chunk freelists:
   Non-Class:  10.03 MB
       Class:  6.88 MB
        Both:  16.91 MB

MaxMetaspaceSize: unlimited
CompressedClassSpaceSize: 1.00 GB
Initial GC threshold: 21.00 MB
Current GC threshold: 126.06 MB
CDS: on
 - commit_granule_bytes: 65536.
 - commit_granule_words: 8192.
 - virtual_space_node_default_size: 8388608.
 - enlarge_chunks_in_place: 1.
 - use_allocation_guard: 0.


Internal statistics:

num_allocs_failed_limit: 18.
num_arena_births: 572.
num_arena_deaths: 0.
num_vsnodes_births: 3.
num_vsnodes_deaths: 0.
num_space_committed: 1259.
num_space_uncommitted: 0.
num_chunks_returned_to_freelist: 18.
num_chunks_taken_from_freelist: 3322.
num_chunk_merges: 18.
num_chunk_splits: 2716.
num_chunks_enlarged: 2402.
num_inconsistent_stats: 0.

CodeHeap 'non-profiled nmethods': size=119172Kb used=5281Kb max_used=5281Kb free=113890Kb
 bounds [0x00007f0a57f9f000, 0x00007f0a584cf000, 0x00007f0a5f400000]
CodeHeap 'profiled nmethods': size=119164Kb used=30102Kb max_used=30102Kb free=89061Kb
 bounds [0x00007f0a50400000, 0x00007f0a52170000, 0x00007f0a5785f000]
CodeHeap 'non-nmethods': size=7424Kb used=3531Kb max_used=3599Kb free=3892Kb
 bounds [0x00007f0a5785f000, 0x00007f0a57bef000, 0x00007f0a57f9f000]
CodeCache: size=245760Kb, used=38914Kb, max_used=38982Kb, free=206843Kb
 total_blobs=13291, nmethods=12419, adapters=772, full_count=0
Compilation: enabled, stopped_count=0, restarted_count=0

Compilation events (20 events):
Event: 3.387 Thread 0x00007f09b4683430 nmethod 13455 0x00007f0a584c4488 code [0x00007f0a584c4580, 0x00007f0a584c47a8]
Event: 3.387 Thread 0x00007f09b4683430 13456       4       jdk.internal.jrtfs.JrtFileSystem::checkNode (40 bytes)
Event: 3.387 Thread 0x00007f09c43d9d20 nmethod 13451 0x00007f0a584c4808 code [0x00007f0a584c4940, 0x00007f0a584c4c58]
Event: 3.388 Thread 0x00007f0948002390 nmethod 13454 0x00007f0a584c4d08 code [0x00007f0a584c4e00, 0x00007f0a584c4f88]
Event: 3.388 Thread 0x00007f09c40c18e0 nmethod 13453 0x00007f0a584c5008 code [0x00007f0a584c5140, 0x00007f0a584c5478]
Event: 3.388 Thread 0x00007f09b803e540 13457       3       org.jetbrains.kotlin.com.intellij.util.containers.LinkedCustomHashMap$Entry::<init> (20 bytes)
Event: 3.389 Thread 0x00007f09b803e540 nmethod 13457 0x00007f0a52163508 code [0x00007f0a52163620, 0x00007f0a52163850]
Event: 3.389 Thread 0x00007f0a68148e70 13458       3       org.jetbrains.kotlin.metadata.deserialization.NameResolverImpl::<init> (27 bytes)
Event: 3.390 Thread 0x00007f0a68148e70 nmethod 13458 0x00007f0a52163888 code [0x00007f0a52163aa0, 0x00007f0a52164578]
Event: 3.390 Thread 0x00007f09c43d9d20 13459       4       org.jetbrains.kotlin.com.intellij.openapi.vfs.VirtualFile::getNameWithoutExtension (21 bytes)
Event: 3.391 Thread 0x00007f0948002390 13460       4       org.jetbrains.kotlin.metadata.jvm.JvmModuleProtoBuf$PackageParts::<init> (7 bytes)
Event: 3.391 Thread 0x00007f0948002390 nmethod 13460 0x00007f0a584c5508 code [0x00007f0a584c5620, 0x00007f0a584c56c0]
Event: 3.394 Thread 0x00007f0a68148e70 13461       3       org.jetbrains.kotlin.fir.analysis.checkers.type.ComposedTypeCheckers$$Lambda/0x00007f09e3437728::invoke (15 bytes)
Event: 3.394 Thread 0x00007f09b803e540 13462       3       org.jetbrains.kotlin.fir.analysis.checkers.type.ComposedTypeCheckers::_init_$lambda$0 (22 bytes)
Event: 3.394 Thread 0x00007f0a68148e70 nmethod 13461 0x00007f0a52164608 code [0x00007f0a521647e0, 0x00007f0a521650b8]
Event: 3.394 Thread 0x00007f09b803e540 nmethod 13462 0x00007f0a52165188 code [0x00007f0a52165320, 0x00007f0a52165998]
Event: 3.394 Thread 0x00007f09b42618f0 13463       1       org.jetbrains.kotlin.fir.builder.AbstractRawFirBuilder::getBaseModuleData (5 bytes)
Event: 3.394 Thread 0x00007f09b42618f0 nmethod 13463 0x00007f0a584c5808 code [0x00007f0a584c5920, 0x00007f0a584c59e8]
Event: 3.395 Thread 0x00007f09b4683430 nmethod 13456 0x00007f0a584c5b08 code [0x00007f0a584c5d40, 0x00007f0a584c6ca8]
Event: 3.396 Thread 0x00007f09c43d9d20 nmethod 13459 0x00007f0a584c6e08 code [0x00007f0a584c6f60, 0x00007f0a584c7678]

GC Heap History (20 events):
Event: 1.207 GC heap after
{Heap after GC invocations=9 (full 0):
 garbage-first heap   total reserved 12279808K, committed 139264K, used 40217K [0x0000000512800000, 0x0000000800000000)
  region size 8192K, 2 young (16384K), 2 survivors (16384K)
 Metaspace       used 47065K, committed 47424K, reserved 1114112K
  class space    used 5746K, committed 5888K, reserved 1048576K
}
Event: 1.514 GC heap before
{Heap before GC invocations=9 (full 0):
 garbage-first heap   total reserved 12279808K, committed 139264K, used 97561K [0x0000000512800000, 0x0000000800000000)
  region size 8192K, 9 young (73728K), 2 survivors (16384K)
 Metaspace       used 50207K, committed 50496K, reserved 1114112K
  class space    used 6014K, committed 6144K, reserved 1048576K
}
Event: 1.523 GC heap after
{Heap after GC invocations=10 (full 0):
 garbage-first heap   total reserved 12279808K, committed 139264K, used 53147K [0x0000000512800000, 0x0000000800000000)
  region size 8192K, 2 young (16384K), 2 survivors (16384K)
 Metaspace       used 50207K, committed 50496K, reserved 1114112K
  class space    used 6014K, committed 6144K, reserved 1048576K
}
Event: 1.867 GC heap before
{Heap before GC invocations=10 (full 0):
 garbage-first heap   total reserved 12279808K, committed 139264K, used 102299K [0x0000000512800000, 0x0000000800000000)
  region size 8192K, 8 young (65536K), 2 survivors (16384K)
 Metaspace       used 59346K, committed 59776K, reserved 1114112K
  class space    used 6857K, committed 7040K, reserved 1048576K
}
Event: 1.874 GC heap after
{Heap after GC invocations=11 (full 0):
 garbage-first heap   total reserved 12279808K, committed 139264K, used 60213K [0x0000000512800000, 0x0000000800000000)
  region size 8192K, 1 young (8192K), 1 survivors (8192K)
 Metaspace       used 59346K, committed 59776K, reserved 1114112K
  class space    used 6857K, committed 7040K, reserved 1048576K
}
Event: 1.964 GC heap before
{Heap before GC invocations=11 (full 0):
 garbage-first heap   total reserved 12279808K, committed 139264K, used 68405K [0x0000000512800000, 0x0000000800000000)
  region size 8192K, 3 young (24576K), 1 survivors (8192K)
 Metaspace       used 61393K, committed 61760K, reserved 1114112K
  class space    used 7027K, committed 7232K, reserved 1048576K
}
Event: 1.967 GC heap after
{Heap after GC invocations=12 (full 0):
 garbage-first heap   total reserved 12279808K, committed 139264K, used 62727K [0x0000000512800000, 0x0000000800000000)
  region size 8192K, 1 young (8192K), 1 survivors (8192K)
 Metaspace       used 61393K, committed 61760K, reserved 1114112K
  class space    used 7027K, committed 7232K, reserved 1048576K
}
Event: 2.252 GC heap before
{Heap before GC invocations=13 (full 0):
 garbage-first heap   total reserved 12279808K, committed 139264K, used 103687K [0x0000000512800000, 0x0000000800000000)
  region size 8192K, 6 young (49152K), 1 survivors (8192K)
 Metaspace       used 70055K, committed 70464K, reserved 1114112K
  class space    used 8064K, committed 8256K, reserved 1048576K
}
Event: 2.255 GC heap after
{Heap after GC invocations=14 (full 0):
 garbage-first heap   total reserved 12279808K, committed 139264K, used 65921K [0x0000000512800000, 0x0000000800000000)
  region size 8192K, 1 young (8192K), 1 survivors (8192K)
 Metaspace       used 70055K, committed 70464K, reserved 1114112K
  class space    used 8064K, committed 8256K, reserved 1048576K
}
Event: 2.537 GC heap before
{Heap before GC invocations=14 (full 0):
 garbage-first heap   total reserved 12279808K, committed 139264K, used 106881K [0x0000000512800000, 0x0000000800000000)
  region size 8192K, 6 young (49152K), 1 survivors (8192K)
 Metaspace       used 76837K, committed 77312K, reserved 1179648K
  class space    used 8708K, committed 8896K, reserved 1048576K
}
Event: 2.543 GC heap after
{Heap after GC invocations=15 (full 0):
 garbage-first heap   total reserved 12279808K, committed 139264K, used 70436K [0x0000000512800000, 0x0000000800000000)
  region size 8192K, 1 young (8192K), 1 survivors (8192K)
 Metaspace       used 76837K, committed 77312K, reserved 1179648K
  class space    used 8708K, committed 8896K, reserved 1048576K
}
Event: 2.582 GC heap before
{Heap before GC invocations=15 (full 0):
 garbage-first heap   total reserved 12279808K, committed 139264K, used 111396K [0x0000000512800000, 0x0000000800000000)
  region size 8192K, 6 young (49152K), 1 survivors (8192K)
 Metaspace       used 76962K, committed 77376K, reserved 1179648K
  class space    used 8710K, committed 8896K, reserved 1048576K
}
Event: 2.589 GC heap after
{Heap after GC invocations=16 (full 0):
 garbage-first heap   total reserved 12279808K, committed 458752K, used 85826K [0x0000000512800000, 0x0000000800000000)
  region size 8192K, 1 young (8192K), 1 survivors (8192K)
 Metaspace       used 76962K, committed 77376K, reserved 1179648K
  class space    used 8710K, committed 8896K, reserved 1048576K
}
Event: 2.999 GC heap before
{Heap before GC invocations=17 (full 0):
 garbage-first heap   total reserved 12279808K, committed 303104K, used 249666K [0x0000000512800000, 0x0000000800000000)
  region size 8192K, 22 young (180224K), 1 survivors (8192K)
 Metaspace       used 79424K, committed 79936K, reserved 1179648K
  class space    used 8934K, committed 9152K, reserved 1048576K
}
Event: 3.007 GC heap after
{Heap after GC invocations=18 (full 0):
 garbage-first heap   total reserved 12279808K, committed 303104K, used 111933K [0x0000000512800000, 0x0000000800000000)
  region size 8192K, 3 young (24576K), 3 survivors (24576K)
 Metaspace       used 79424K, committed 79936K, reserved 1179648K
  class space    used 8934K, committed 9152K, reserved 1048576K
}
Event: 3.146 GC heap before
{Heap before GC invocations=18 (full 0):
 garbage-first heap   total reserved 12279808K, committed 303104K, used 210237K [0x0000000512800000, 0x0000000800000000)
  region size 8192K, 15 young (122880K), 3 survivors (24576K)
 Metaspace       used 79704K, committed 80256K, reserved 1179648K
  class space    used 8939K, committed 9152K, reserved 1048576K
}
Event: 3.155 GC heap after
{Heap after GC invocations=19 (full 0):
 garbage-first heap   total reserved 12279808K, committed 303104K, used 128326K [0x0000000512800000, 0x0000000800000000)
  region size 8192K, 2 young (16384K), 2 survivors (16384K)
 Metaspace       used 79704K, committed 80256K, reserved 1179648K
  class space    used 8939K, committed 9152K, reserved 1048576K
}
Event: 3.281 GC heap before
{Heap before GC invocations=19 (full 0):
 garbage-first heap   total reserved 12279808K, committed 303104K, used 226630K [0x0000000512800000, 0x0000000800000000)
  region size 8192K, 14 young (114688K), 2 survivors (16384K)
 Metaspace       used 79932K, committed 80448K, reserved 1179648K
  class space    used 8940K, committed 9152K, reserved 1048576K
}
Event: 3.286 GC heap after
{Heap after GC invocations=20 (full 0):
 garbage-first heap   total reserved 12279808K, committed 303104K, used 139084K [0x0000000512800000, 0x0000000800000000)
  region size 8192K, 2 young (16384K), 2 survivors (16384K)
 Metaspace       used 79932K, committed 80448K, reserved 1179648K
  class space    used 8940K, committed 9152K, reserved 1048576K
}
Event: 3.396 GC heap before
{Heap before GC invocations=20 (full 0):
 garbage-first heap   total reserved 12279808K, committed 303104K, used 237388K [0x0000000512800000, 0x0000000800000000)
  region size 8192K, 14 young (114688K), 2 survivors (16384K)
 Metaspace       used 80163K, committed 80704K, reserved 1179648K
  class space    used 8943K, committed 9152K, reserved 1048576K
}

Dll operation events (8 events):
Event: 0.000 Loaded shared library /home/fish/.jdks/temurin-23.0.2/lib/libjava.so
Event: 0.012 Loaded shared library /home/fish/.jdks/temurin-23.0.2/lib/libsimdsort.so
Event: 0.012 Loaded shared library /home/fish/.jdks/temurin-23.0.2/lib/libjsvml.so
Event: 0.016 Loaded shared library /home/fish/.jdks/temurin-23.0.2/lib/libnio.so
Event: 0.017 Loaded shared library /home/fish/.jdks/temurin-23.0.2/lib/libzip.so
Event: 0.128 Loaded shared library /home/fish/.jdks/temurin-23.0.2/lib/libjimage.so
Event: 0.436 Loaded shared library /home/fish/.jdks/temurin-23.0.2/lib/libnet.so
Event: 0.483 Loaded shared library /home/fish/.jdks/temurin-23.0.2/lib/libverify.so

Deoptimization events (20 events):
Event: 3.168 Thread 0x00007f0a6802c3d0 Uncommon trap: trap_request=0xffffff45 fr.pc=0x00007f0a58151168 relative=0x0000000000001008
Event: 3.168 Thread 0x00007f0a6802c3d0 Uncommon trap: reason=unstable_if action=reinterpret pc=0x00007f0a58151168 method=java.util.HashMap.putVal(ILjava/lang/Object;Ljava/lang/Object;ZZ)Ljava/lang/Object; @ 206 c2
Event: 3.168 Thread 0x00007f0a6802c3d0 DEOPT PACKING pc=0x00007f0a58151168 sp=0x00007f0a6d9fb9a0
Event: 3.168 Thread 0x00007f0a6802c3d0 DEOPT UNPACKING pc=0x00007f0a578b2bf9 sp=0x00007f0a6d9fb948 mode 2
Event: 3.230 Thread 0x00007f0a6802c3d0 Uncommon trap: trap_request=0xffffff66 fr.pc=0x00007f0a5843bdb4 relative=0x0000000000000e94
Event: 3.230 Thread 0x00007f0a6802c3d0 Uncommon trap: reason=speculate_class_check action=maybe_recompile pc=0x00007f0a5843bdb4 method=org.jetbrains.kotlin.ir.declarations.IrValueParameter.accept(Lorg/jetbrains/kotlin/ir/visitors/IrVisitor;Ljava/lang/Object;)Ljava/lang/Object; @ 9 c2
Event: 3.230 Thread 0x00007f0a6802c3d0 DEOPT PACKING pc=0x00007f0a5843bdb4 sp=0x00007f0a6d9fa540
Event: 3.230 Thread 0x00007f0a6802c3d0 DEOPT UNPACKING pc=0x00007f0a578b2bf9 sp=0x00007f0a6d9fa448 mode 2
Event: 3.232 Thread 0x00007f0a6802c3d0 Uncommon trap: trap_request=0xffffff66 fr.pc=0x00007f0a5843bdb4 relative=0x0000000000000e94
Event: 3.232 Thread 0x00007f0a6802c3d0 Uncommon trap: reason=speculate_class_check action=maybe_recompile pc=0x00007f0a5843bdb4 method=org.jetbrains.kotlin.ir.declarations.IrValueParameter.accept(Lorg/jetbrains/kotlin/ir/visitors/IrVisitor;Ljava/lang/Object;)Ljava/lang/Object; @ 9 c2
Event: 3.232 Thread 0x00007f0a6802c3d0 DEOPT PACKING pc=0x00007f0a5843bdb4 sp=0x00007f0a6d9fa700
Event: 3.232 Thread 0x00007f0a6802c3d0 DEOPT UNPACKING pc=0x00007f0a578b2bf9 sp=0x00007f0a6d9fa620 mode 2
Event: 3.232 Thread 0x00007f0a6802c3d0 Uncommon trap: trap_request=0xffffff66 fr.pc=0x00007f0a5843bdb4 relative=0x0000000000000e94
Event: 3.232 Thread 0x00007f0a6802c3d0 Uncommon trap: reason=speculate_class_check action=maybe_recompile pc=0x00007f0a5843bdb4 method=org.jetbrains.kotlin.ir.declarations.IrValueParameter.accept(Lorg/jetbrains/kotlin/ir/visitors/IrVisitor;Ljava/lang/Object;)Ljava/lang/Object; @ 9 c2
Event: 3.232 Thread 0x00007f0a6802c3d0 DEOPT PACKING pc=0x00007f0a5843bdb4 sp=0x00007f0a6d9fb690
Event: 3.232 Thread 0x00007f0a6802c3d0 DEOPT UNPACKING pc=0x00007f0a578b2bf9 sp=0x00007f0a6d9fb5b0 mode 2
Event: 3.232 Thread 0x00007f0a6802c3d0 Uncommon trap: trap_request=0xffffff66 fr.pc=0x00007f0a5843bdb4 relative=0x0000000000000e94
Event: 3.232 Thread 0x00007f0a6802c3d0 Uncommon trap: reason=speculate_class_check action=maybe_recompile pc=0x00007f0a5843bdb4 method=org.jetbrains.kotlin.ir.declarations.IrValueParameter.accept(Lorg/jetbrains/kotlin/ir/visitors/IrVisitor;Ljava/lang/Object;)Ljava/lang/Object; @ 9 c2
Event: 3.232 Thread 0x00007f0a6802c3d0 DEOPT PACKING pc=0x00007f0a5843bdb4 sp=0x00007f0a6d9fa820
Event: 3.232 Thread 0x00007f0a6802c3d0 DEOPT UNPACKING pc=0x00007f0a578b2bf9 sp=0x00007f0a6d9fa728 mode 2

Classes loaded (20 events):
Event: 2.901 Loading class sun/nio/fs/UnixFileSystem$Flags
Event: 2.901 Loading class sun/nio/fs/UnixFileSystem$Flags done
Event: 2.901 Loading class sun/nio/fs/LinuxNativeDispatcher
Event: 2.901 Loading class sun/nio/fs/LinuxNativeDispatcher done
Event: 2.941 Loading class java/net/URLEncoder
Event: 2.941 Loading class java/net/URLEncoder done
Event: 2.941 Loading class jdk/internal/util/ImmutableBitSetPredicate
Event: 2.941 Loading class java/util/function/IntPredicate
Event: 2.941 Loading class java/util/function/IntPredicate done
Event: 2.941 Loading class jdk/internal/util/ImmutableBitSetPredicate done
Event: 2.941 Loading class jdk/internal/util/ImmutableBitSetPredicate$SmallImmutableBitSetPredicate
Event: 2.941 Loading class jdk/internal/util/ImmutableBitSetPredicate$SmallImmutableBitSetPredicate done
Event: 2.942 Loading class java/util/regex/Pattern$Pos
Event: 2.942 Loading class java/util/regex/Pattern$Pos done
Event: 2.943 Loading class java/util/regex/Pattern$Caret
Event: 2.943 Loading class java/util/regex/Pattern$Caret done
Event: 2.968 Loading class java/util/regex/Pattern$Neg
Event: 2.968 Loading class java/util/regex/Pattern$Neg done
Event: 2.968 Loading class java/util/regex/Pattern$SliceI
Event: 2.968 Loading class java/util/regex/Pattern$SliceI done

Classes unloaded (0 events):
No events

Classes redefined (0 events):
No events

Internal exceptions (20 events):
Event: 2.469 Thread 0x00007f0a6802c3d0 Exception <a 'java/lang/NoSuchMethodError'{0x0000000519144b68}: 'java.lang.Object java.lang.invoke.Invokers$Holder.linkToTargetMethod(java.lang.Object, java.lang.Object, java.lang.Object, java.lang.Object, int, java.lang.Object, java.lang.Object)'> (0x0000000519144b68) 
thrown [src/hotspot/share/interpreter/linkResolver.cpp, line 795]
Event: 2.486 Thread 0x00007f0a6802c3d0 Exception <a 'java/lang/NoSuchMethodError'{0x000000051935c290}: 'java.lang.Object java.lang.invoke.DirectMethodHandle$Holder.invokeStatic(java.lang.Object, java.lang.Object, int, java.lang.Object, java.lang.Object)'> (0x000000051935c290) 
thrown [src/hotspot/share/interpreter/linkResolver.cpp, line 795]
Event: 2.488 Thread 0x00007f0a6802c3d0 Exception <a 'java/lang/NoSuchMethodError'{0x0000000519394258}: 'java.lang.Object java.lang.invoke.DirectMethodHandle$Holder.invokeSpecial(java.lang.Object, java.lang.Object, java.lang.Object, int, java.lang.Object, java.lang.Object)'> (0x0000000519394258) 
thrown [src/hotspot/share/interpreter/linkResolver.cpp, line 795]
Event: 2.491 Thread 0x00007f0a6802c3d0 Exception <a 'java/lang/NoSuchMethodError'{0x00000005193cd078}: 'void java.lang.invoke.Invokers$Holder.invokeExact_MT(java.lang.Object, java.lang.Object, java.lang.Object)'> (0x00000005193cd078) 
thrown [src/hotspot/share/interpreter/linkResolver.cpp, line 795]
Event: 2.496 Thread 0x00007f0a6802c3d0 Implicit null exception at 0x00007f0a580be6b5 to 0x00007f0a580befe0
Event: 2.518 Thread 0x00007f0a6802c3d0 Exception <a 'java/lang/NoSuchMethodError'{0x0000000519742848}: 'java.lang.Object java.lang.invoke.DirectMethodHandle$Holder.invokeStatic(java.lang.Object, long, java.lang.Object)'> (0x0000000519742848) 
thrown [src/hotspot/share/interpreter/linkResolver.cpp, line 795]
Event: 2.518 Thread 0x00007f0a6802c3d0 Exception <a 'java/lang/NoSuchMethodError'{0x0000000519745e70}: 'java.lang.Object java.lang.invoke.DirectMethodHandle$Holder.invokeStaticInit(java.lang.Object, long, java.lang.Object)'> (0x0000000519745e70) 
thrown [src/hotspot/share/interpreter/linkResolver.cpp, line 795]
Event: 2.518 Thread 0x00007f0a6802c3d0 Exception <a 'java/lang/NoSuchMethodError'{0x000000051974b508}: 'java.lang.Object java.lang.invoke.DirectMethodHandle$Holder.newInvokeSpecial(java.lang.Object, long)'> (0x000000051974b508) 
thrown [src/hotspot/share/interpreter/linkResolver.cpp, line 795]
Event: 2.554 Thread 0x00007f0a6802c3d0 Implicit null exception at 0x00007f0a5830c1aa to 0x00007f0a5830c1f8
Event: 2.555 Thread 0x00007f0a6802c3d0 Implicit null exception at 0x00007f0a580698ca to 0x00007f0a580699d4
Event: 2.651 Thread 0x00007f0a6802c3d0 Implicit null exception at 0x00007f0a5826506e to 0x00007f0a582651a8
Event: 2.698 Thread 0x00007f0a6802c3d0 Exception <a 'java/lang/NoSuchMethodError'{0x0000000522503100}: 'java.lang.Object java.lang.invoke.DirectMethodHandle$Holder.newInvokeSpecial(java.lang.Object, java.lang.Object, int, java.lang.Object)'> (0x0000000522503100) 
thrown [src/hotspot/share/interpreter/linkResolver.cpp, line 795]
Event: 2.698 Thread 0x00007f0a6802c3d0 Exception <a 'java/lang/NoSuchMethodError'{0x00000005225071b8}: 'java.lang.Object java.lang.invoke.DirectMethodHandle$Holder.invokeSpecial(java.lang.Object, java.lang.Object, java.lang.Object, int, java.lang.Object)'> (0x00000005225071b8) 
thrown [src/hotspot/share/interpreter/linkResolver.cpp, line 795]
Event: 2.699 Thread 0x00007f0a6802c3d0 Exception <a 'java/lang/NoSuchMethodError'{0x000000052250ae40}: 'java.lang.Object java.lang.invoke.Invokers$Holder.linkToTargetMethod(java.lang.Object, int, java.lang.Object, java.lang.Object)'> (0x000000052250ae40) 
thrown [src/hotspot/share/interpreter/linkResolver.cpp, line 795]
Event: 2.901 Thread 0x00007f0a6802c3d0 Exception <a 'sun/nio/fs/UnixException'{0x000000051b85d8e8}> (0x000000051b85d8e8) 
thrown [src/hotspot/share/prims/jni.cpp, line 520]
Event: 2.901 Thread 0x00007f0a6802c3d0 Exception <a 'sun/nio/fs/UnixException'{0x000000051b862a90}> (0x000000051b862a90) 
thrown [src/hotspot/share/prims/jni.cpp, line 520]
Event: 2.901 Thread 0x00007f0a6802c3d0 Exception <a 'sun/nio/fs/UnixException'{0x000000051b863278}> (0x000000051b863278) 
thrown [src/hotspot/share/prims/jni.cpp, line 520]
Event: 2.901 Thread 0x00007f0a6802c3d0 Exception <a 'sun/nio/fs/UnixException'{0x000000051b863a40}> (0x000000051b863a40) 
thrown [src/hotspot/share/prims/jni.cpp, line 520]
Event: 2.901 Thread 0x00007f0a6802c3d0 Exception <a 'sun/nio/fs/UnixException'{0x000000051b864230}> (0x000000051b864230) 
thrown [src/hotspot/share/prims/jni.cpp, line 520]
Event: 3.127 Thread 0x00007f0a6802c3d0 Exception <a 'java/lang/NoSuchMethodError'{0x0000000520cc5190}: 'java.lang.Object java.lang.invoke.DirectMethodHandle$Holder.newInvokeSpecial(java.lang.Object, java.lang.Object, java.lang.Object, java.lang.Object, java.lang.Object, java.lang.Object, java.lang.Object, java.lang.Object)'> (0x0000000520cc5190) 
thrown [src/hotspot/share/interpreter/linkResolver.cpp, line 795]

VM Operations (20 events):
Event: 2.501 Executing VM operation: HandshakeAllThreads (Deoptimize) done
Event: 2.537 Executing VM operation: G1CollectForAllocation (G1 Evacuation Pause)
Event: 2.543 Executing VM operation: G1CollectForAllocation (G1 Evacuation Pause) done
Event: 2.582 Executing VM operation: G1CollectForAllocation (G1 Evacuation Pause)
Event: 2.589 Executing VM operation: G1CollectForAllocation (G1 Evacuation Pause) done
Event: 2.605 Executing VM operation: G1PauseRemark
Event: 2.610 Executing VM operation: G1PauseRemark done
Event: 2.615 Executing VM operation: G1PauseCleanup
Event: 2.615 Executing VM operation: G1PauseCleanup done
Event: 2.865 Executing VM operation: HandshakeAllThreads (Deoptimize)
Event: 2.865 Executing VM operation: HandshakeAllThreads (Deoptimize) done
Event: 2.866 Executing VM operation: HandshakeAllThreads (Deoptimize)
Event: 2.866 Executing VM operation: HandshakeAllThreads (Deoptimize) done
Event: 2.999 Executing VM operation: G1CollectForAllocation (G1 Evacuation Pause)
Event: 3.007 Executing VM operation: G1CollectForAllocation (G1 Evacuation Pause) done
Event: 3.146 Executing VM operation: G1CollectForAllocation (G1 Evacuation Pause)
Event: 3.155 Executing VM operation: G1CollectForAllocation (G1 Evacuation Pause) done
Event: 3.281 Executing VM operation: G1CollectForAllocation (G1 Evacuation Pause)
Event: 3.286 Executing VM operation: G1CollectForAllocation (G1 Evacuation Pause) done
Event: 3.396 Executing VM operation: G1CollectForAllocation (G1 Evacuation Pause)

Memory protections (20 events):
Event: 0.010 Protecting memory [0x00007f0a31dff000,0x00007f0a31e03000] with protection modes 0
Event: 0.011 Protecting memory [0x00007f0a31cfe000,0x00007f0a31d02000] with protection modes 0
Event: 0.011 Protecting memory [0x00007f0a31bfd000,0x00007f0a31c01000] with protection modes 0
Event: 0.011 Protecting memory [0x00007f0a31afc000,0x00007f0a31b00000] with protection modes 0
Event: 0.011 Protecting memory [0x00007f0a319fb000,0x00007f0a319ff000] with protection modes 0
Event: 0.014 Protecting memory [0x00007f0a318fa000,0x00007f0a318fe000] with protection modes 0
Event: 0.015 Protecting memory [0x00007f0a317f9000,0x00007f0a317fd000] with protection modes 0
Event: 0.019 Protecting memory [0x00007f0a316f8000,0x00007f0a316fc000] with protection modes 0
Event: 0.019 Protecting memory [0x00007f0a315f7000,0x00007f0a315fb000] with protection modes 0
Event: 0.022 Protecting memory [0x00007f0a314f6000,0x00007f0a314fa000] with protection modes 0
Event: 0.022 Protecting memory [0x00007f0a313f5000,0x00007f0a313f9000] with protection modes 0
Event: 0.449 Protecting memory [0x00007f0a301e3000,0x00007f0a301e7000] with protection modes 0
Event: 0.458 Protecting memory [0x00007f0a3003c000,0x00007f0a30040000] with protection modes 0
Event: 0.460 Protecting memory [0x00007f0a23e4b000,0x00007f0a23e4f000] with protection modes 0
Event: 0.463 Protecting memory [0x00007f0a23d4a000,0x00007f0a23d4e000] with protection modes 0
Event: 0.463 Protecting memory [0x00007f0a23c49000,0x00007f0a23c4d000] with protection modes 0
Event: 0.463 Protecting memory [0x00007f0a23b48000,0x00007f0a23b4c000] with protection modes 0
Event: 2.521 Protecting memory [0x00007f0a40511000,0x00007f0a40515000] with protection modes 0
Event: 2.784 Protecting memory [0x00007f0a23d4a000,0x00007f0a23d4e000] with protection modes 0
Event: 2.784 Protecting memory [0x00007f0a23c49000,0x00007f0a23c4d000] with protection modes 0

Nmethod flushes (20 events):
Event: 2.609 Thread 0x00007f0a68136e60 flushing  nmethod 0x00007f0a50bc4388
Event: 2.609 Thread 0x00007f0a68136e60 flushing  nmethod 0x00007f0a50be2c08
Event: 2.609 Thread 0x00007f0a68136e60 flushing  nmethod 0x00007f0a50be5c88
Event: 2.609 Thread 0x00007f0a68136e60 flushing  nmethod 0x00007f0a50be8b88
Event: 2.609 Thread 0x00007f0a68136e60 flushing  nmethod 0x00007f0a50be8e88
Event: 2.609 Thread 0x00007f0a68136e60 flushing  nmethod 0x00007f0a50c54788
Event: 2.609 Thread 0x00007f0a68136e60 flushing  nmethod 0x00007f0a50c55408
Event: 2.609 Thread 0x00007f0a68136e60 flushing  nmethod 0x00007f0a50c83108
Event: 2.609 Thread 0x00007f0a68136e60 flushing  nmethod 0x00007f0a50d51808
Event: 2.609 Thread 0x00007f0a68136e60 flushing  nmethod 0x00007f0a50d5ef88
Event: 2.609 Thread 0x00007f0a68136e60 flushing  nmethod 0x00007f0a50e39e88
Event: 2.609 Thread 0x00007f0a68136e60 flushing  nmethod 0x00007f0a50e3d388
Event: 2.609 Thread 0x00007f0a68136e60 flushing  nmethod 0x00007f0a50f4f388
Event: 2.609 Thread 0x00007f0a68136e60 flushing  nmethod 0x00007f0a51017408
Event: 2.609 Thread 0x00007f0a68136e60 flushing  nmethod 0x00007f0a511e1908
Event: 2.609 Thread 0x00007f0a68136e60 flushing  nmethod 0x00007f0a511e4a88
Event: 2.609 Thread 0x00007f0a68136e60 flushing  nmethod 0x00007f0a51393688
Event: 2.609 Thread 0x00007f0a68136e60 flushing  nmethod 0x00007f0a514c7a08
Event: 2.609 Thread 0x00007f0a68136e60 flushing  nmethod 0x00007f0a51547508
Event: 2.609 Thread 0x00007f0a68136e60 flushing  nmethod 0x00007f0a51548f88

Events (20 events):
Event: 0.011 Thread 0x00007f0a6802c3d0 Thread added: 0x00007f0a68147760
Event: 0.011 Thread 0x00007f0a6802c3d0 Thread added: 0x00007f0a68148e70
Event: 0.014 Thread 0x00007f0a6802c3d0 Thread added: 0x00007f0a68155cb0
Event: 0.015 Thread 0x00007f0a6802c3d0 Thread added: 0x00007f0a68158bd0
Event: 0.019 Thread 0x00007f0a68148e70 Thread added: 0x00007f09b803e540
Event: 0.019 Thread 0x00007f0a68148e70 Thread added: 0x00007f09b803f860
Event: 0.022 Thread 0x00007f0a68147760 Thread added: 0x00007f09c40c05f0
Event: 0.022 Thread 0x00007f0a68147760 Thread added: 0x00007f09c40c18e0
Event: 0.449 Thread 0x00007f09b803e540 Thread added: 0x00007f09b42618f0
Event: 0.458 Thread 0x00007f0a68147760 Thread added: 0x00007f09c43d9d20
Event: 0.460 Thread 0x00007f09c43d9d20 Thread added: 0x00007f0948002390
Event: 0.463 Thread 0x00007f09c43d9d20 Thread added: 0x00007f0948006700
Event: 0.463 Thread 0x00007f09c43d9d20 Thread added: 0x00007f0948007a50
Event: 0.463 Thread 0x00007f09c43d9d20 Thread added: 0x00007f0948008d80
Event: 1.202 Thread 0x00007f0948008d80 Thread exited: 0x00007f0948008d80
Event: 2.346 Thread 0x00007f0948007a50 Thread exited: 0x00007f0948007a50
Event: 2.346 Thread 0x00007f0948006700 Thread exited: 0x00007f0948006700
Event: 2.520 Thread 0x00007f0a6802c3d0 Thread added: 0x00007f0a6b17f300
Event: 2.784 Thread 0x00007f09b803e540 Thread added: 0x00007f09b4683430
Event: 2.784 Thread 0x00007f09b803e540 Thread added: 0x00007f09b4683e80


Dynamic libraries:
512800000-524000000 rw-p 00000000 00:00 0 
524000000-541000000 ---p 00000000 00:00 0 
541000000-541800000 rw-p 00000000 00:00 0 
541800000-7ff800000 ---p 00000000 00:00 0 
7ff800000-7ff922000 rw-p 00dc6000 103:07 45624198                        /home/fish/.jdks/temurin-23.0.2/lib/server/classes.jsa
7ff922000-800000000 rw-p 00000000 00:00 0 
5559a67b6000-5559a67b7000 r-xp 00000000 103:07 45624248                  /home/fish/.jdks/temurin-23.0.2/bin/java
5559a67b8000-5559a67b9000 r--p 00001000 103:07 45624248                  /home/fish/.jdks/temurin-23.0.2/bin/java
5559a67b9000-5559a67ba000 rw-p 00002000 103:07 45624248                  /home/fish/.jdks/temurin-23.0.2/bin/java
5559b0686000-5559b06cf000 rw-p 00000000 00:00 0                          [heap]
7f0924000000-7f0924300000 rw-p 00000000 00:00 0 
7f0924300000-7f09243e0000 rw-p 00000000 00:00 0 
7f09243e0000-7f0924400000 ---p 00000000 00:00 0 
7f0924400000-7f0924600000 rw-p 00000000 00:00 0 
7f0924600000-7f0928000000 ---p 00000000 00:00 0 
7f0928000000-7f0928021000 rw-p 00000000 00:00 0 
7f0928021000-7f092c000000 ---p 00000000 00:00 0 
7f092c000000-7f092c021000 rw-p 00000000 00:00 0 
7f092c021000-7f0930000000 ---p 00000000 00:00 0 
7f0930000000-7f0930021000 rw-p 00000000 00:00 0 
7f0930021000-7f0934000000 ---p 00000000 00:00 0 
7f0934000000-7f0934021000 rw-p 00000000 00:00 0 
7f0934021000-7f0938000000 ---p 00000000 00:00 0 
7f0938000000-7f0938912000 rw-p 00000000 00:00 0 
7f0938912000-7f093c000000 ---p 00000000 00:00 0 
7f093c000000-7f093ccb5000 rw-p 00000000 00:00 0 
7f093ccb5000-7f0940000000 ---p 00000000 00:00 0 
7f0940000000-7f094069a000 rw-p 00000000 00:00 0 
7f094069a000-7f0944000000 ---p 00000000 00:00 0 
7f0944a00000-7f0947fa8000 r--s 00000000 103:07 47841484                  /home/fish/.gradle/caches/modules-2/files-2.1/org.jetbrains.kotlin/kotlin-compiler-embeddable/2.2.10/6882d39ef03b18879c1a5d2a83c2212361bed5fe/kotlin-compiler-embeddable-2.2.10.jar
7f0948000000-7f0948f99000 rw-p 00000000 00:00 0 
7f0948f99000-7f094c000000 ---p 00000000 00:00 0 
7f094c000000-7f094cc01000 rw-p 00000000 00:00 0 
7f094cc01000-7f0950000000 ---p 00000000 00:00 0 
7f0950000000-7f0950470000 rw-p 00000000 00:00 0 
7f0950470000-7f0954000000 ---p 00000000 00:00 0 
7f0957400000-7f095fe0a000 r--s 00000000 103:07 45624212                  /home/fish/.jdks/temurin-23.0.2/lib/modules
7f0960000000-7f0960021000 rw-p 00000000 00:00 0 
7f0960021000-7f0964000000 ---p 00000000 00:00 0 
7f0964000000-7f0964021000 rw-p 00000000 00:00 0 
7f0964021000-7f0968000000 ---p 00000000 00:00 0 
7f0968000000-7f0968021000 rw-p 00000000 00:00 0 
7f0968021000-7f096c000000 ---p 00000000 00:00 0 
7f096c000000-7f096c021000 rw-p 00000000 00:00 0 
7f096c021000-7f0970000000 ---p 00000000 00:00 0 
7f0970000000-7f0970021000 rw-p 00000000 00:00 0 
7f0970021000-7f0974000000 ---p 00000000 00:00 0 
7f0974000000-7f0974021000 rw-p 00000000 00:00 0 
7f0974021000-7f0978000000 ---p 00000000 00:00 0 
7f0978000000-7f0978021000 rw-p 00000000 00:00 0 
7f0978021000-7f097c000000 ---p 00000000 00:00 0 
7f097c000000-7f097c021000 rw-p 00000000 00:00 0 
7f097c021000-7f0980000000 ---p 00000000 00:00 0 
7f0980000000-7f0980021000 rw-p 00000000 00:00 0 
7f0980021000-7f0984000000 ---p 00000000 00:00 0 
7f0984000000-7f09841b0000 rw-p 00000000 00:00 0 
7f09841b0000-7f0988000000 ---p 00000000 00:00 0 
7f0988000000-7f0988021000 rw-p 00000000 00:00 0 
7f0988021000-7f098c000000 ---p 00000000 00:00 0 
7f098c000000-7f098c021000 rw-p 00000000 00:00 0 
7f098c021000-7f0990000000 ---p 00000000 00:00 0 
7f0990000000-7f0990021000 rw-p 00000000 00:00 0 
7f0990021000-7f0994000000 ---p 00000000 00:00 0 
7f0994000000-7f0994021000 rw-p 00000000 00:00 0 
7f0994021000-7f0998000000 ---p 00000000 00:00 0 
7f0998000000-7f0998021000 rw-p 00000000 00:00 0 
7f0998021000-7f099c000000 ---p 00000000 00:00 0 
7f099c000000-7f099c021000 rw-p 00000000 00:00 0 
7f099c021000-7f09a0000000 ---p 00000000 00:00 0 
7f09a0000000-7f09a148b000 rw-p 00000000 00:00 0 
7f09a148b000-7f09a4000000 ---p 00000000 00:00 0 
7f09a4000000-7f09a4021000 rw-p 00000000 00:00 0 
7f09a4021000-7f09a8000000 ---p 00000000 00:00 0 
7f09a8000000-7f09a87a9000 rw-p 00000000 00:00 0 
7f09a87a9000-7f09ac000000 ---p 00000000 00:00 0 
7f09ac000000-7f09ad040000 rw-p 00000000 00:00 0 
7f09ad040000-7f09b0000000 ---p 00000000 00:00 0 
7f09b0000000-7f09b0021000 rw-p 00000000 00:00 0 
7f09b0021000-7f09b4000000 ---p 00000000 00:00 0 
7f09b4000000-7f09b477e000 rw-p 00000000 00:00 0 
7f09b477e000-7f09b8000000 ---p 00000000 00:00 0 
7f09b8000000-7f09b867b000 rw-p 00000000 00:00 0 
7f09b867b000-7f09bc000000 ---p 00000000 00:00 0 
7f09bc000000-7f09bc021000 rw-p 00000000 00:00 0 
7f09bc021000-7f09c0000000 ---p 00000000 00:00 0 
7f09c0000000-7f09c0021000 rw-p 00000000 00:00 0 
7f09c0021000-7f09c4000000 ---p 00000000 00:00 0 
7f09c4000000-7f09c54ac000 rw-p 00000000 00:00 0 
7f09c54ac000-7f09c8000000 ---p 00000000 00:00 0 
7f09c8000000-7f09c8021000 rw-p 00000000 00:00 0 
7f09c8021000-7f09cc000000 ---p 00000000 00:00 0 
7f09cc000000-7f09cc021000 rw-p 00000000 00:00 0 
7f09cc021000-7f09d0000000 ---p 00000000 00:00 0 
7f09d0000000-7f09d0021000 rw-p 00000000 00:00 0 
7f09d0021000-7f09d4000000 ---p 00000000 00:00 0 
7f09d4000000-7f09d4021000 rw-p 00000000 00:00 0 
7f09d4021000-7f09d8000000 ---p 00000000 00:00 0 
7f09d8000000-7f09d8022000 rw-p 00000000 00:00 0 
7f09d8022000-7f09dc000000 ---p 00000000 00:00 0 
7f09dd90f000-7f09ddc00000 rw-p 00000000 00:00 0 
7f09ddc00000-7f09ddf26000 r--s 00000000 103:07 47864093                  /home/fish/.gradle/caches/modules-2/files-2.1/org.jetbrains.kotlin/kotlin-reflect/2.2.10/98d0ca9819d98cb3aa5c0a25793830b6659feee2/kotlin-reflect-2.2.10.jar
7f09de000000-7f09de400000 rw-p 00000000 00:00 0 
7f09de400000-7f09df5a0000 rw-p 00000000 00:00 0 
7f09df5a0000-7f09e2000000 rw-p 00000000 00:00 0 
7f09e2000000-7f09e2d97000 rw-p 00001000 103:07 45624198                  /home/fish/.jdks/temurin-23.0.2/lib/server/classes.jsa
7f09e2d97000-7f09e3000000 ---p 00000000 00:00 0 
7f09e3000000-7f09e3040000 rw-p 00000000 00:00 0 
7f09e3040000-7f09e3080000 rw-p 00000000 00:00 0 
7f09e3080000-7f09e3260000 rw-p 00000000 00:00 0 
7f09e3260000-7f09e3280000 rw-p 00000000 00:00 0 
7f09e3280000-7f09e38c0000 rw-p 00000000 00:00 0 
7f09e38c0000-7f09e38d0000 rw-p 00000000 00:00 0 
7f09e38d0000-7f09e3900000 ---p 00000000 00:00 0 
7f09e3900000-7f09e3920000 rw-p 00000000 00:00 0 
7f09e3920000-7f0a23000000 ---p 00000000 00:00 0 
7f0a231fe000-7f0a23400000 rw-p 00000000 00:00 0 
7f0a236c0000-7f0a23746000 r--s 00000000 103:07 47858595                  /home/fish/.gradle/caches/modules-2/files-2.1/org.jetbrains/markdown-jvm/0.7.3/83df25f4bb0a51e979774c02530824af8ec6b03e/markdown-jvm-0.7.3.jar
7f0a23746000-7f0a23799000 r--s 00000000 103:07 47858535                  /home/fish/.gradle/caches/modules-2/files-2.1/io.ktor/ktor-utils-jvm/3.2.3/5cc6a940a5ca98f7f0c36e0b699c6fbd2f594598/ktor-utils-jvm-3.2.3.jar
7f0a23799000-7f0a2399b000 rw-p 00000000 00:00 0 
7f0a2399b000-7f0a23b47000 r--s 00000000 103:07 47858541                  /home/fish/.gradle/caches/modules-2/files-2.1/org.jetbrains.kotlin/kotlin-stdlib/2.2.10/30de6faa127a4a012db8e71bf1b9c0a99b1402b2/kotlin-stdlib-2.2.10.jar
7f0a23b47000-7f0a23b48000 rw-p 00000000 00:00 0 
7f0a23b48000-7f0a23b4c000 ---p 00000000 00:00 0 
7f0a23b4c000-7f0a23c49000 rw-p 00000000 00:00 0 
7f0a23c49000-7f0a23c4d000 ---p 00000000 00:00 0 
7f0a23c4d000-7f0a23d4a000 rw-p 00000000 00:00 0 
7f0a23d4a000-7f0a23d4e000 ---p 00000000 00:00 0 
7f0a23d4e000-7f0a23e4b000 rw-p 00000000 00:00 0 
7f0a23e4b000-7f0a23e4f000 ---p 00000000 00:00 0 
7f0a23e4f000-7f0a23f4b000 rw-p 00000000 00:00 0 
7f0a23f6b000-7f0a23f9b000 r--s 00000000 103:07 47858537                  /home/fish/.gradle/caches/modules-2/files-2.1/io.ktor/ktor-network-jvm/3.2.3/f3eb3f831652f4b5407703f58e4885cd1ae93e92/ktor-network-jvm-3.2.3.jar
7f0a23f9b000-7f0a24000000 r--s 00000000 103:07 47858528                  /home/fish/.gradle/caches/modules-2/files-2.1/io.ktor/ktor-http-jvm/3.2.3/c83599639fc1fc9312e63ed86423ee535d80bc5/ktor-http-jvm-3.2.3.jar
7f0a24000000-7f0a24021000 rw-p 00000000 00:00 0 
7f0a24021000-7f0a28000000 ---p 00000000 00:00 0 
7f0a28000000-7f0a28021000 rw-p 00000000 00:00 0 
7f0a28021000-7f0a2c000000 ---p 00000000 00:00 0 
7f0a2c000000-7f0a2c021000 rw-p 00000000 00:00 0 
7f0a2c021000-7f0a30000000 ---p 00000000 00:00 0 
7f0a30011000-7f0a3003b000 r--s 00000000 103:07 47858524                  /home/fish/.gradle/caches/modules-2/files-2.1/io.ktor/ktor-websockets-jvm/3.2.3/180024bd52774540635a9fdaca021f9392400e60/ktor-websockets-jvm-3.2.3.jar
7f0a3003b000-7f0a3003c000 rw-p 00000000 00:00 0 
7f0a3003c000-7f0a30040000 ---p 00000000 00:00 0 
7f0a30040000-7f0a3013c000 rw-p 00000000 00:00 0 
7f0a30147000-7f0a3019c000 r--s 00000000 103:07 47858598                  /home/fish/.gradle/caches/modules-2/files-2.1/org.jetbrains.kotlin/kotlin-daemon-embeddable/2.2.10/212fd3c2c6e4e5d0f4db3c4191233e2b622380cc/kotlin-daemon-embeddable-2.2.10.jar
7f0a3019c000-7f0a301e2000 r--s 00000000 103:07 47858539                  /home/fish/.gradle/caches/modules-2/files-2.1/io.ktor/ktor-io-jvm/3.2.3/81a70f5d028cb2878fba2107df2101edc7c0240f/ktor-io-jvm-3.2.3.jar
7f0a301e2000-7f0a301e3000 rw-p 00000000 00:00 0 
7f0a301e3000-7f0a301e7000 ---p 00000000 00:00 0 
7f0a301e7000-7f0a313f5000 rw-p 00000000 00:00 0 
7f0a313f5000-7f0a313f9000 ---p 00000000 00:00 0 
7f0a313f9000-7f0a314f6000 rw-p 00000000 00:00 0 
7f0a314f6000-7f0a314fa000 ---p 00000000 00:00 0 
7f0a314fa000-7f0a315f7000 rw-p 00000000 00:00 0 
7f0a315f7000-7f0a315fb000 ---p 00000000 00:00 0 
7f0a315fb000-7f0a316f8000 rw-p 00000000 00:00 0 
7f0a316f8000-7f0a316fc000 ---p 00000000 00:00 0 
7f0a316fc000-7f0a317f9000 rw-p 00000000 00:00 0 
7f0a317f9000-7f0a317fd000 ---p 00000000 00:00 0 
7f0a317fd000-7f0a318fa000 rw-p 00000000 00:00 0 
7f0a318fa000-7f0a318fe000 ---p 00000000 00:00 0 
7f0a318fe000-7f0a319fb000 rw-p 00000000 00:00 0 
7f0a319fb000-7f0a319ff000 ---p 00000000 00:00 0 
7f0a319ff000-7f0a31afc000 rw-p 00000000 00:00 0 
7f0a31afc000-7f0a31b00000 ---p 00000000 00:00 0 
7f0a31b00000-7f0a31bfd000 rw-p 00000000 00:00 0 
7f0a31bfd000-7f0a31c01000 ---p 00000000 00:00 0 
7f0a31c01000-7f0a31cfe000 rw-p 00000000 00:00 0 
7f0a31cfe000-7f0a31d02000 ---p 00000000 00:00 0 
7f0a31d02000-7f0a31dff000 rw-p 00000000 00:00 0 
7f0a31dff000-7f0a31e03000 ---p 00000000 00:00 0 
7f0a31e03000-7f0a31f00000 rw-p 00000000 00:00 0 
7f0a31f00000-7f0a31f04000 ---p 00000000 00:00 0 
7f0a31f04000-7f0a32000000 rw-p 00000000 00:00 0 
7f0a32000000-7f0a34021000 rw-p 00000000 00:00 0 
7f0a34021000-7f0a38000000 ---p 00000000 00:00 0 
7f0a38000000-7f0a38021000 rw-p 00000000 00:00 0 
7f0a38021000-7f0a3c000000 ---p 00000000 00:00 0 
7f0a3c000000-7f0a3c021000 rw-p 00000000 00:00 0 
7f0a3c021000-7f0a40000000 ---p 00000000 00:00 0 
7f0a40004000-7f0a4002f000 r--s 00000000 103:07 48922850                  /home/fish/IDEAProjects/coho/core/build/libs/core.jar
7f0a4002f000-7f0a400fd000 r-xp 00000000 103:07 45624179                  /home/fish/.jdks/temurin-23.0.2/lib/libjsvml.so
7f0a400fd000-7f0a400fe000 r--p 000cd000 103:07 45624179                  /home/fish/.jdks/temurin-23.0.2/lib/libjsvml.so
7f0a400fe000-7f0a400ff000 rw-p 000ce000 103:07 45624179                  /home/fish/.jdks/temurin-23.0.2/lib/libjsvml.so
7f0a400ff000-7f0a40100000 rw-p 00000000 00:00 0 
7f0a40100000-7f0a40104000 ---p 00000000 00:00 0 
7f0a40104000-7f0a40200000 rw-p 00000000 00:00 0 
7f0a40200000-7f0a404ec000 r--p 00000000 103:07 1125729                   /usr/lib/locale/locale-archive
7f0a40505000-7f0a40510000 r--s 00000000 103:07 47858594                  /home/fish/.gradle/caches/modules-2/files-2.1/org.jetbrains.kotlin/kotlin-script-runtime/2.2.10/712f9bc08f378c13a4a00f0bbb28c76e59183e83/kotlin-script-runtime-2.2.10.jar
7f0a40510000-7f0a40511000 rw-p 00000000 00:00 0 
7f0a40511000-7f0a40515000 ---p 00000000 00:00 0 
7f0a40515000-7f0a40735000 rw-p 00000000 00:00 0 
7f0a40735000-7f0a407b6000 rw-p 00000000 00:00 0 
7f0a407b6000-7f0a409b8000 rw-p 00000000 00:00 0 
7f0a409b8000-7f0a41e28000 rw-p 00000000 00:00 0 
7f0a41e28000-7f0a42568000 ---p 00000000 00:00 0 
7f0a42568000-7f0a42588000 rw-p 00000000 00:00 0 
7f0a42588000-7f0a4d508000 ---p 00000000 00:00 0 
7f0a4d508000-7f0a4d5b4000 rw-p 00000000 00:00 0 
7f0a4d5b4000-7f0a4d69c000 ---p 00000000 00:00 0 
7f0a4d69c000-7f0a4d6a0000 rw-p 00000000 00:00 0 
7f0a4d6a0000-7f0a4ec90000 ---p 00000000 00:00 0 
7f0a4ec90000-7f0a4ed20000 rw-p 00000000 00:00 0 
7f0a4ed20000-7f0a4ee08000 ---p 00000000 00:00 0 
7f0a4ee08000-7f0a4ee0c000 rw-p 00000000 00:00 0 
7f0a4ee0c000-7f0a503fc000 ---p 00000000 00:00 0 
7f0a503fc000-7f0a50400000 rw-p 00000000 00:00 0 
7f0a50400000-7f0a52170000 rwxp 00000000 00:00 0 
7f0a52170000-7f0a5785f000 ---p 00000000 00:00 0 
7f0a5785f000-7f0a57bef000 rwxp 00000000 00:00 0 
7f0a57bef000-7f0a57f9f000 ---p 00000000 00:00 0 
7f0a57f9f000-7f0a584cf000 rwxp 00000000 00:00 0 
7f0a584cf000-7f0a5f400000 ---p 00000000 00:00 0 
7f0a5f400000-7f0a67e0a000 r--s 00000000 103:07 45624212                  /home/fish/.jdks/temurin-23.0.2/lib/modules
7f0a67e0e000-7f0a67e23000 r--s 00000000 103:07 47858542                  /home/fish/.gradle/caches/modules-2/files-2.1/org.jetbrains.kotlinx/kotlinx-cli-jvm/0.3.6/1d91898ea7a87a9ec55562b398afc9abb45d0f26/kotlinx-cli-jvm-0.3.6.jar
7f0a67e23000-7f0a67e60000 r-xp 00000000 103:07 45624183                  /home/fish/.jdks/temurin-23.0.2/lib/libsimdsort.so
7f0a67e60000-7f0a67e61000 ---p 0003d000 103:07 45624183                  /home/fish/.jdks/temurin-23.0.2/lib/libsimdsort.so
7f0a67e61000-7f0a67e62000 r--p 0003d000 103:07 45624183                  /home/fish/.jdks/temurin-23.0.2/lib/libsimdsort.so
7f0a67e62000-7f0a67e63000 rw-p 0003e000 103:07 45624183                  /home/fish/.jdks/temurin-23.0.2/lib/libsimdsort.so
7f0a67e63000-7f0a6bd39000 rw-p 00000000 00:00 0 
7f0a6bd39000-7f0a6c000000 ---p 00000000 00:00 0 
7f0a6c006000-7f0a6c00d000 r--s 00000000 103:07 1129496                   /usr/lib/gconv/gconv-modules.cache
7f0a6c00d000-7f0a6c028000 r-xp 00000000 103:07 45624205                  /home/fish/.jdks/temurin-23.0.2/lib/libzip.so
7f0a6c028000-7f0a6c029000 r--p 0001a000 103:07 45624205                  /home/fish/.jdks/temurin-23.0.2/lib/libzip.so
7f0a6c029000-7f0a6c02a000 rw-p 0001b000 103:07 45624205                  /home/fish/.jdks/temurin-23.0.2/lib/libzip.so
7f0a6c02a000-7f0a6c12b000 rw-p 00000000 00:00 0 
7f0a6c12b000-7f0a6c42e000 rw-p 00000000 00:00 0 
7f0a6c42e000-7f0a6d739000 rw-p 00000000 00:00 0 
7f0a6d739000-7f0a6d817000 ---p 00000000 00:00 0 
7f0a6d817000-7f0a6d852000 rw-p 00000000 00:00 0 
7f0a6d852000-7f0a6d900000 ---p 00000000 00:00 0 
7f0a6d900000-7f0a6d904000 ---p 00000000 00:00 0 
7f0a6d904000-7f0a6da00000 rw-p 00000000 00:00 0 
7f0a6da00000-7f0a6ee09000 r-xp 00000000 103:07 45624197                  /home/fish/.jdks/temurin-23.0.2/lib/server/libjvm.so
7f0a6ee09000-7f0a6eedc000 r--p 01408000 103:07 45624197                  /home/fish/.jdks/temurin-23.0.2/lib/server/libjvm.so
7f0a6eedc000-7f0a6ef0b000 rw-p 014db000 103:07 45624197                  /home/fish/.jdks/temurin-23.0.2/lib/server/libjvm.so
7f0a6ef0b000-7f0a6ef82000 rw-p 00000000 00:00 0 
7f0a6ef84000-7f0a6ef91000 r-xp 00000000 103:07 45624156                  /home/fish/.jdks/temurin-23.0.2/lib/libverify.so
7f0a6ef91000-7f0a6ef93000 r--p 0000c000 103:07 45624156                  /home/fish/.jdks/temurin-23.0.2/lib/libverify.so
7f0a6ef93000-7f0a6ef94000 rw-p 0000e000 103:07 45624156                  /home/fish/.jdks/temurin-23.0.2/lib/libverify.so
7f0a6ef94000-7f0a6ef9f000 r-xp 00000000 103:07 45624169                  /home/fish/.jdks/temurin-23.0.2/lib/libnet.so
7f0a6ef9f000-7f0a6efa0000 ---p 0000b000 103:07 45624169                  /home/fish/.jdks/temurin-23.0.2/lib/libnet.so
7f0a6efa0000-7f0a6efa1000 r--p 0000b000 103:07 45624169                  /home/fish/.jdks/temurin-23.0.2/lib/libnet.so
7f0a6efa1000-7f0a6efa2000 rw-p 0000c000 103:07 45624169                  /home/fish/.jdks/temurin-23.0.2/lib/libnet.so
7f0a6efa2000-7f0a6f000000 rw-p 00000000 00:00 0 
7f0a6f000000-7f0a6f024000 r--p 00000000 103:07 1051953                   /usr/lib/libc.so.6
7f0a6f024000-7f0a6f196000 r-xp 00024000 103:07 1051953                   /usr/lib/libc.so.6
7f0a6f196000-7f0a6f205000 r--p 00196000 103:07 1051953                   /usr/lib/libc.so.6
7f0a6f205000-7f0a6f209000 r--p 00204000 103:07 1051953                   /usr/lib/libc.so.6
7f0a6f209000-7f0a6f20b000 rw-p 00208000 103:07 1051953                   /usr/lib/libc.so.6
7f0a6f20b000-7f0a6f213000 rw-p 00000000 00:00 0 
7f0a6f216000-7f0a6f22a000 r-xp 00000000 103:07 45624168                  /home/fish/.jdks/temurin-23.0.2/lib/libnio.so
7f0a6f22a000-7f0a6f22b000 r--p 00013000 103:07 45624168                  /home/fish/.jdks/temurin-23.0.2/lib/libnio.so
7f0a6f22b000-7f0a6f22c000 rw-p 00014000 103:07 45624168                  /home/fish/.jdks/temurin-23.0.2/lib/libnio.so
7f0a6f22c000-7f0a6f24c000 r-xp 00000000 103:07 45624199                  /home/fish/.jdks/temurin-23.0.2/lib/libjava.so
7f0a6f24c000-7f0a6f24d000 ---p 00020000 103:07 45624199                  /home/fish/.jdks/temurin-23.0.2/lib/libjava.so
7f0a6f24d000-7f0a6f24e000 r--p 00020000 103:07 45624199                  /home/fish/.jdks/temurin-23.0.2/lib/libjava.so
7f0a6f24e000-7f0a6f24f000 rw-p 00021000 103:07 45624199                  /home/fish/.jdks/temurin-23.0.2/lib/libjava.so
7f0a6f24f000-7f0a6f250000 rw-p 00000000 00:00 0 
7f0a6f250000-7f0a6f25f000 r--p 00000000 103:07 1051968                   /usr/lib/libm.so.6
7f0a6f25f000-7f0a6f2ea000 r-xp 0000f000 103:07 1051968                   /usr/lib/libm.so.6
7f0a6f2ea000-7f0a6f35c000 r--p 0009a000 103:07 1051968                   /usr/lib/libm.so.6
7f0a6f35c000-7f0a6f35d000 r--p 0010b000 103:07 1051968                   /usr/lib/libm.so.6
7f0a6f35d000-7f0a6f35e000 rw-p 0010c000 103:07 1051968                   /usr/lib/libm.so.6
7f0a6f35e000-7f0a6f35f000 r--p 00000000 103:07 1052008                   /usr/lib/librt.so.1
7f0a6f35f000-7f0a6f360000 r-xp 00001000 103:07 1052008                   /usr/lib/librt.so.1
7f0a6f360000-7f0a6f361000 r--p 00002000 103:07 1052008                   /usr/lib/librt.so.1
7f0a6f361000-7f0a6f362000 r--p 00002000 103:07 1052008                   /usr/lib/librt.so.1
7f0a6f362000-7f0a6f363000 rw-p 00003000 103:07 1052008                   /usr/lib/librt.so.1
7f0a6f363000-7f0a6f365000 rw-p 00000000 00:00 0 
7f0a6f365000-7f0a6f366000 r--p 00000000 103:07 1052002                   /usr/lib/libpthread.so.0
7f0a6f366000-7f0a6f367000 r-xp 00001000 103:07 1052002                   /usr/lib/libpthread.so.0
7f0a6f367000-7f0a6f368000 r--p 00002000 103:07 1052002                   /usr/lib/libpthread.so.0
7f0a6f368000-7f0a6f369000 r--p 00002000 103:07 1052002                   /usr/lib/libpthread.so.0
7f0a6f369000-7f0a6f36a000 rw-p 00003000 103:07 1052002                   /usr/lib/libpthread.so.0
7f0a6f36a000-7f0a6f36b000 r--p 00000000 103:07 1051961                   /usr/lib/libdl.so.2
7f0a6f36b000-7f0a6f36c000 r-xp 00001000 103:07 1051961                   /usr/lib/libdl.so.2
7f0a6f36c000-7f0a6f36d000 r--p 00002000 103:07 1051961                   /usr/lib/libdl.so.2
7f0a6f36d000-7f0a6f36e000 r--p 00002000 103:07 1051961                   /usr/lib/libdl.so.2
7f0a6f36e000-7f0a6f36f000 rw-p 00003000 103:07 1051961                   /usr/lib/libdl.so.2
7f0a6f370000-7f0a6f372000 r--s 00000000 103:07 47858532                  /home/fish/.gradle/caches/modules-2/files-2.1/io.ktor/ktor-events-jvm/3.2.3/38a0c405c218e64b0c967ad300ca587cde8154bc/ktor-events-jvm-3.2.3.jar
7f0a6f374000-7f0a6f37c000 rw-p 00000000 00:00 0 
7f0a6f37c000-7f0a6f383000 ---p 00000000 00:00 0 
7f0a6f383000-7f0a6f38b000 rw-s 00000000 00:2a 1567                       /tmp/hsperfdata_fish/28307
7f0a6f38b000-7f0a6f38c000 ---p 00000000 00:00 0 
7f0a6f38c000-7f0a6f38d000 r--p 00000000 00:00 0 
7f0a6f38d000-7f0a6f38e000 ---p 00000000 00:00 0 
7f0a6f38e000-7f0a6f3a9000 r-xp 00000000 103:07 45624668                  /home/fish/.jdks/temurin-23.0.2/lib/libjimage.so
7f0a6f3a9000-7f0a6f3aa000 ---p 0001b000 103:07 45624668                  /home/fish/.jdks/temurin-23.0.2/lib/libjimage.so
7f0a6f3aa000-7f0a6f3ac000 r--p 0001b000 103:07 45624668                  /home/fish/.jdks/temurin-23.0.2/lib/libjimage.so
7f0a6f3ac000-7f0a6f3ad000 rw-p 0001d000 103:07 45624668                  /home/fish/.jdks/temurin-23.0.2/lib/libjimage.so
7f0a6f3ad000-7f0a6f3c6000 r-xp 00000000 103:07 45624202                  /home/fish/.jdks/temurin-23.0.2/lib/libjli.so
7f0a6f3c6000-7f0a6f3c7000 r--p 00018000 103:07 45624202                  /home/fish/.jdks/temurin-23.0.2/lib/libjli.so
7f0a6f3c7000-7f0a6f3c8000 rw-p 00019000 103:07 45624202                  /home/fish/.jdks/temurin-23.0.2/lib/libjli.so
7f0a6f3c8000-7f0a6f3ca000 rw-p 00000000 00:00 0 
7f0a6f3ca000-7f0a6f3ce000 r--p 00000000 00:00 0                          [vvar]
7f0a6f3ce000-7f0a6f3d0000 r--p 00000000 00:00 0                          [vvar_vclock]
7f0a6f3d0000-7f0a6f3d2000 r-xp 00000000 00:00 0                          [vdso]
7f0a6f3d2000-7f0a6f3d3000 r--p 00000000 103:07 1051938                   /usr/lib/ld-linux-x86-64.so.2
7f0a6f3d3000-7f0a6f3fd000 r-xp 00001000 103:07 1051938                   /usr/lib/ld-linux-x86-64.so.2
7f0a6f3fd000-7f0a6f40b000 r--p 0002b000 103:07 1051938                   /usr/lib/ld-linux-x86-64.so.2
7f0a6f40b000-7f0a6f40d000 r--p 00039000 103:07 1051938                   /usr/lib/ld-linux-x86-64.so.2
7f0a6f40d000-7f0a6f40e000 rw-p 0003b000 103:07 1051938                   /usr/lib/ld-linux-x86-64.so.2
7f0a6f40e000-7f0a6f40f000 rw-p 00000000 00:00 0 
7ffce14f5000-7ffce1518000 rw-p 00000000 00:00 0                          [stack]
ffffffffff600000-ffffffffff601000 --xp 00000000 00:00 0                  [vsyscall]
Total number of mappings: 302


VM Arguments:
jvm_args: -Dfile.encoding=UTF-8 -Duser.country=US -Duser.language=en -Duser.variant 
java_command: dev.fishies.coho.cli.MainKt serve
java_class_path (initial): /home/fish/IDEAProjects/coho/cli/build/classes/java/main:/home/fish/IDEAProjects/coho/cli/build/classes/kotlin/main:/home/fish/IDEAProjects/coho/cli/build/resources/main:/home/fish/IDEAProjects/coho/core/build/libs/core.jar:/home/fish/.gradle/caches/modules-2/files-2.1/io.ktor/ktor-server-netty-jvm/3.2.3/65c6fc2115d61057b03e39b4fb30ad7a0ce2a9e0/ktor-server-netty-jvm-3.2.3.jar:/home/fish/.gradle/caches/modules-2/files-2.1/io.ktor/ktor-server-websockets-jvm/3.2.3/e35aca3d0b9247297adc0eaa2e30a41c1c9edbbf/ktor-server-websockets-jvm-3.2.3.jar:/home/fish/.gradle/caches/modules-2/files-2.1/io.ktor/ktor-server-core-jvm/3.2.3/bfa33f27d68541fb673f03caa0bac76dd5886665/ktor-server-core-jvm-3.2.3.jar:/home/fish/.gradle/caches/modules-2/files-2.1/org.jetbrains.kotlin/kotlin-scripting-jvm-host/2.2.10/65df8acaab0d0b21ba6aaf98adc489fdc2975ba8/kotlin-scripting-jvm-host-2.2.10.jar:/home/fish/.gradle/caches/modules-2/files-2.1/org.jetbrains.kotlin/kotlin-compiler-embeddable/2.2.10/6882d39ef03b18879c1a5d2a83c2212361bed5fe/kotlin-compiler-embeddable-2.2.10.jar:/home/fish/.gradle/caches/modules-2/files-2.1/org.jetbrains.kotlin/kotlin-reflect/2.2.10/98d0ca9819d98cb3aa5c0a25793830b6659feee2/kotlin-reflect-2.2.10.jar:/home/fish/.gradle/caches/modules-2/files-2.1/org.jetbrains.kotlin/kotlin-stdlib-jdk7/2.2.10/18cc96ae090a71726822631e1808c7d329faab5d/kotlin-stdlib-jdk7-2.2.10.jar:/home/fish/.gradle/caches/modules-2/files-2.1/org.jetbrains.kotlin/kotlin-scripting-compiler-embeddable/2.2.10/25d0e9a886551d4a46ae85d4d5d0088829ef9/kotlin-scripting-compiler-embeddable-2.2.10.jar:/home/fish/.gradle/caches/modules-2/files-2.1/org.jetbrains.kotlin/kotlin-scripting-compiler-impl-embeddable/2.2.10/3f1bcab651be1ab86e8d240b797b1a05dd8b0027/kotlin-scripting-compiler-impl-embeddable-2.2.10.jar:/home/fish/.gradle/caches/modules-2/files-2.1/org.jetbrains.kotlin/kotlin-scripting-jvm/2.2.10/beecd90e2b145845581e953ba8420f1b30cac848/kotlin-scripting-jvm-2.2.10.jar:/home/fish/.gradle/caches/modules-2/files-2.1/org.jetbrains.kotlin/kotlin-scripting-dependencies/2.2.10/3103cfab5f3c617b47c0f5b57ae5cb39d183e0da/kotlin-scripting-dependencies-2.2.10.jar:/home/fish/.gradle/caches/modules-2/files-2.1/org.jetbrains.kotlin/kotlin-scripting-common/2.2.10/87769c03c5456d7c827fc950063664907b192c1c/kotlin-scripting-common-2.2.10.jar:/home/fish/.gradle/caches/modules-2/files-2.1/net.mamoe.yamlkt/yamlkt-jvm/0.13.0/9c93e3ef80314d6486f6f9be95db8df6bc728d67/yamlkt-jvm-0.13.0.jar:/home/fish/.gradle/caches/modules-2/files-2.1/io.ktor/ktor-http-cio-jvm/3.2.3/9ba86bd196344eb2f33f4de7c01b2a76079563d8/ktor-http-cio-jvm-3.2.3.jar:/home/fish/.gradle/caches/modules-2/files-2.1/io.ktor/ktor-websocket-serialization-jvm/3.2.3/e62e9fdebc262c2b4c556f208628a03740f14046/ktor-websocket-serialization-jvm-3.2.3.jar:/home/fish/.gradle/caches/modules-2/files-2.1/io.ktor/ktor-serialization-jvm/3.2.3/f3ee77994a1ba0ddc0d65bbb9bd8db2900f40009/ktor-serialization-jvm-3.2.3.jar:/home/fish/.gradle/caches/modules-2/files-2.1/io.ktor/ktor-websockets-jvm/3.2.3/180024bd52774540635a9fdaca021f9392400e60/ktor-websockets-jvm-3.2.3.jar:/home/fish/.gradle/caches/modules-2/files-2.1/io.ktor/ktor-http-jvm/3.2.3/c83599639fc1fc9312e63ed86423ee535d80bc5/ktor-http-jvm-3.2.3.jar:/home/fish/.gradle/caches/modules-2/files-2.1/io.ktor/ktor-events-jvm/3.2.3/38a0c405c218e64b0c967ad300ca587cde8154bc/ktor-events-jvm-3.2.3.jar:/home/fish/.gradle/caches/modules-2/files-2.1/io.ktor/ktor-network-jvm/3.2.3/f3eb3f831652f4b5407703f58e4885cd1ae93e92/ktor-network-jvm-3.2.3.jar:/home/fish/.gradle/caches/modules-2/files-2.1/io.ktor/ktor-utils-jvm/3.2.3/5cc6a940a5ca98f7f0c36e0b699c6fbd2f594598/ktor-utils-jvm-3.2.3.jar:/home/fish/.gradle/caches/modules-2/files-2.1/io.ktor/ktor-io-jvm/3.2.3/81a70f5d028cb2878fba2107df2101edc7c0240f/ktor-io-jvm-3.2.3.jar:/home/fish/.gradle/caches/modules-2/files-2.1/org.jetbrains.kotlinx/kotlinx-coroutines-core-jvm/1.10.2/4a9f78ef49483748e2c129f3d124b8fa249dafbf/kotlinx-coroutines-core-jvm-1.10.2.jar:/home/fish/.gradle/caches/modules-2/files-2.1/org.jetbrains/markdown-jvm/0.7.3/83df25f4bb0a51e979774c02530824af8ec6b03e/markdown-jvm-0.7.3.jar:/home/fish/.gradle/caches/modules-2/files-2.1/org.jetbrains.kotlinx/kotlinx-cli-jvm/0.3.6/1d91898ea7a87a9ec55562b398afc9abb45d0f26/kotlinx-cli-jvm-0.3.6.jar:/home/fish/.gradle/caches/modules-2/files-2.1/org.jetbrains.kotlinx/kotlinx-serialization-core-jvm/1.8.1/510cb839cce9a3e708052d480a6fbf4a7274dfcd/kotlinx-serialization-core-jvm-1.8.1.jar:/home/fish/.gradle/caches/modules-2/files-2.1/org.jetbrains.kotlinx/kotlinx-io-core-jvm/0.7.0/1d9595ed390f6304ce90a049e6b2f1fab3b408c4/kotlinx-io-core-jvm-0.7.0.jar:/home/fish/.gradle/caches/modules-2/files-2.1/org.jetbrains.kotlinx/kotlinx-io-bytestring-jvm/0.7.0/ffe5bd231da40d21870250703326113277dbf9c3/kotlinx-io-bytestring-jvm-0.7.0.jar:/home/fish/.gradle/caches/modules-2/files-2.1/org.jetbrains.kotlin/kotlin-stdlib/2.2.10/30de6faa127a4a012db8e71bf1b9c0a99b1402b2/kotlin-stdlib-2.2.10.jar:/home/fish/.gradle/caches/modules-2/files-2.1/org.jetbrains.kotlin/kotlin-stdlib-jdk8/2.2.10/80cc9a776a058eeda7053731350bc41af8858a5a/kotlin-stdlib-jdk8-2.2.10.jar:/home/fish/.gradle/caches/modules-2/files-2.1/org.slf4j/slf4j-nop/2.0.17/b41773047e10359aa409e7197c7624aeabfd377c/slf4j-nop-2.0.17.jar:/home/fish/.gradle/caches/modules-2/files-2.1/org.slf4j/slf4j-api/2.0.17/d9e58ac9c7779ba3bf8142aff6c830617a7fe60f/slf4j-api-2.0.17.jar:/home/fish/.gradle/caches/modules-2/files-2.1/io.noties/prism4j/2.0.0/57572772d7a2f8a86543d0088a8307c8f5c30ade/prism4j-2.0.0.jar:/home/fish/.gradle/caches/modules-2/files-2.1/org.apache.commons/commons-text/1.14.0/adcb0d4c67eabc79682604b47eb852aaff21138a/commons-text-1.14.0.jar:/home/fish/.gradle/caches/modules-2/files-2.1/org.jetbrains/annotations/23.0.0/8cc20c07506ec18e0834947b84a864bfc094484e/annotations-23.0.0.jar:/home/fish/.gradle/caches/modules-2/files-2.1/com.typesafe/config/1.4.3/b57e0fbdc7270d8ea59c1ba367457a5cc7ba0e98/config-1.4.3.jar:/home/fish/.gradle/caches/modules-2/files-2.1/org.fusesource.jansi/jansi/2.4.2/ba7387c31622c6650b83edba1bbb115f1fe462ba/jansi-2.4.2.jar:/home/fish/.gradle/caches/modules-2/files-2.1/io.netty/netty-codec-http2/4.2.2.Final/24312e4e017d2e7cc894baca9ceb849f1bcc3e/netty-codec-http2-4.2.2.Final.jar:/home/fish/.gradle/caches/modules-2/files-2.1/org.eclipse.jetty.alpn/alpn-api/1.1.3.v20160715/a1bf3a937f91b4c953acd13e8c9552347adc2198/alpn-api-1.1.3.v20160715.jar:/home/fish/.gradle/caches/modules-2/files-2.1/io.netty/netty-transport-native-kqueue/4.2.2.Final/74c1420a1a0f556b6141cc85ade51f0a85821527/netty-transport-native-kqueue-4.2.2.Final.jar:/home/fish/.gradle/caches/modules-2/files-2.1/io.netty/netty-transport-native-epoll/4.2.2.Final/5136544922a48e77bcefe8bc0dcf81637365fcf0/netty-transport-native-epoll-4.2.2.Final.jar:/home/fish/.gradle/caches/modules-2/files-2.1/org.jetbrains.kotlin/kotlin-script-runtime/2.2.10/712f9bc08f378c13a4a00f0bbb28c76e59183e83/kotlin-script-runtime-2.2.10.jar:/home/fish/.gradle/caches/modules-2/files-2.1/org.jetbrains/annotations-java5/17.0.0/21d0a362740a3e6524ea34efb7c9fb48951e9f19/annotations-java5-17.0.0.jar:/home/fish/.gradle/caches/modules-2/files-2.1/org.apache.commons/commons-lang3/3.18.0/fb14946f0e39748a6571de0635acbe44e7885491/commons-lang3-3.18.0.jar:/home/fish/.gradle/caches/modules-2/files-2.1/io.netty/netty-codec-http/4.2.2.Final/4338db256373891829442f774e049eee53ebf9e7/netty-codec-http-4.2.2.Final.jar:/home/fish/.gradle/caches/modules-2/files-2.1/io.netty/netty-handler/4.2.2.Final/275d0b1fdb5110fcbb6ab64c91688e1a01083c66/netty-handler-4.2.2.Final.jar:/home/fish/.gradle/caches/modules-2/files-2.1/io.netty/netty-codec-compression/4.2.2.Final/f052272351e478495fe2ec6b2d267d449b8f92d9/netty-codec-compression-4.2.2.Final.jar:/home/fish/.gradle/caches/modules-2/files-2.1/io.netty/netty-codec-base/4.2.2.Final/b78bea31f40f9c23bb5f47eb47830a6e7540f69e/netty-codec-base-4.2.2.Final.jar:/home/fish/.gradle/caches/modules-2/files-2.1/io.netty/netty-transport-classes-kqueue/4.2.2.Final/335ce97d9b277024b5817912cdcee8453855d7d5/netty-transport-classes-kqueue-4.2.2.Final.jar:/home/fish/.gradle/caches/modules-2/files-2.1/io.netty/netty-transport-classes-epoll/4.2.2.Final/49087dd056dca5551bb5a53c9c4151a4eff03e33/netty-transport-classes-epoll-4.2.2.Final.jar:/home/fish/.gradle/caches/modules-2/files-2.1/io.netty/netty-transport-native-unix-common/4.2.2.Final/2367bd62271490a60adbcb7705b3f20e9b1501a6/netty-transport-native-unix-common-4.2.2.Final.jar:/home/fish/.gradle/caches/modules-2/files-2.1/io.netty/netty-transport/4.2.2.Final/495585c077a6b6c28932c2f70281c62d276b9f0e/netty-transport-4.2.2.Final.jar:/home/fish/.gradle/caches/modules-2/files-2.1/io.netty/netty-buffer/4.2.2.Final/a27dea07e13f064147dd2535e6db352570dd99ad/netty-buffer-4.2.2.Final.jar:/home/fish/.gradle/caches/modules-2/files-2.1/io.netty/netty-resolver/4.2.2.Final/54730eeba61c27341416e5ec9d05ce53f5d8ee81/netty-resolver-4.2.2.Final.jar:/home/fish/.gradle/caches/modules-2/files-2.1/io.netty/netty-common/4.2.2.Final/58b152807286691ec7caaa3ed4124f10ff640cde/netty-common-4.2.2.Final.jar:/home/fish/.gradle/caches/modules-2/files-2.1/org.jetbrains.kotlin/kotlin-daemon-embeddable/2.2.10/212fd3c2c6e4e5d0f4db3c4191233e2b622380cc/kotlin-daemon-embeddable-2.2.10.jar
Launcher Type: SUN_STANDARD

[Global flags]
     intx CICompilerCount                          = 12                                        {product} {ergonomic}
     uint ConcGCThreads                            = 5                                         {product} {ergonomic}
     uint G1ConcRefinementThreads                  = 18                                        {product} {ergonomic}
   size_t G1HeapRegionSize                         = 8388608                                   {product} {ergonomic}
   size_t InitialHeapSize                          = 788529152                                 {product} {ergonomic}
   size_t MarkStackSize                            = 4194304                                   {product} {ergonomic}
   size_t MarkStackSizeMax                         = 536870912                                 {product} {ergonomic}
   size_t MaxHeapSize                              = 12574523392                               {product} {ergonomic}
   size_t MaxNewSize                               = 7541358592                                {product} {ergonomic}
   size_t MinHeapDeltaBytes                        = 8388608                                   {product} {ergonomic}
   size_t MinHeapSize                              = 8388608                                   {product} {ergonomic}
    uintx NonNMethodCodeHeapSize                   = 7602176                                {pd product} {ergonomic}
    uintx NonProfiledCodeHeapSize                  = 122032128                              {pd product} {ergonomic}
    uintx ProfiledCodeHeapSize                     = 122023936                              {pd product} {ergonomic}
    uintx ReservedCodeCacheSize                    = 251658240                              {pd product} {ergonomic}
     bool SegmentedCodeCache                       = true                                      {product} {ergonomic}
   size_t SoftMaxHeapSize                          = 12574523392                            {manageable} {ergonomic}
     bool UseCompressedOops                        = true                           {product lp64_product} {ergonomic}
     bool UseG1GC                                  = true                                      {product} {ergonomic}

Logging:
Log output configuration:
 #0: stdout all=warning uptime,level,tags foldmultilines=false
 #1: stderr all=off uptime,level,tags foldmultilines=false

Environment Variables:
PATH=/usr/local/sbin:/usr/local/bin:/usr/bin:/home/fish/.dotnet/tools:/home/fish/IDEAProjects/coho
SHELL=/bin/nu
DISPLAY=:0
LANG=en_US.UTF-8
TERM=linux

Active Locale:
LC_ALL=en_US.UTF-8
LC_COLLATE=en_US.UTF-8
LC_CTYPE=en_US.UTF-8
LC_MESSAGES=en_US.UTF-8
LC_MONETARY=en_US.UTF-8
LC_NUMERIC=en_US.UTF-8
LC_TIME=en_US.UTF-8

Signal Handlers:
   SIGSEGV: crash_handler in libjvm.so, mask=11100100010111111101111111111110, flags=SA_RESTART|SA_SIGINFO, unblocked
    SIGBUS: crash_handler in libjvm.so, mask=11100100010111111101111111111110, flags=SA_RESTART|SA_SIGINFO, unblocked
    SIGFPE: crash_handler in libjvm.so, mask=11100100010111111101111111111110, flags=SA_RESTART|SA_SIGINFO, unblocked
   SIGPIPE: javaSignalHandler in libjvm.so, mask=11100100010111111101111111111110, flags=SA_RESTART|SA_SIGINFO, blocked
   SIGXFSZ: javaSignalHandler in libjvm.so, mask=11100100010111111101111111111110, flags=SA_RESTART|SA_SIGINFO, blocked
    SIGILL: crash_handler in libjvm.so, mask=11100100010111111101111111111110, flags=SA_RESTART|SA_SIGINFO, unblocked
   SIGUSR2: SR_handler in libjvm.so, mask=00000000000000000000000000000000, flags=SA_RESTART|SA_SIGINFO, blocked
    SIGHUP: UserHandler in libjvm.so, mask=11100100010111111101111111111110, flags=SA_RESTART|SA_SIGINFO, blocked
    SIGINT: UserHandler in libjvm.so, mask=11100100010111111101111111111110, flags=SA_RESTART|SA_SIGINFO, blocked
   SIGTERM: UserHandler in libjvm.so, mask=11100100010111111101111111111110, flags=SA_RESTART|SA_SIGINFO, blocked
   SIGQUIT: UserHandler in libjvm.so, mask=11100100010111111101111111111110, flags=SA_RESTART|SA_SIGINFO, blocked
   SIGTRAP: crash_handler in libjvm.so, mask=11100100010111111101111111111110, flags=SA_RESTART|SA_SIGINFO, unblocked


Periodic native trim disabled

---------------  S Y S T E M  ---------------

OS:
DISTRIB_ID="Arch"
DISTRIB_RELEASE="rolling"
DISTRIB_DESCRIPTION="Arch Linux"
uname: Linux 6.16.7-arch1-1 #1 SMP PREEMPT_DYNAMIC Thu, 11 Sep 2025 17:42:36 +0000 x86_64
OS uptime: 0 days 0:55 hours
libc: glibc 2.42 NPTL 2.42 
rlimit (soft/hard): STACK 8192k/infinity , CORE infinity/infinity , NPROC 190929/190929 , NOFILE 524288/524288 , AS infinity/infinity , CPU infinity/infinity , DATA infinity/infinity , FSIZE infinity/infinity , MEMLOCK 8192k/8192k
load average: 3.18 2.76 2.62

/proc/meminfo:
MemTotal:       49090352 kB
MemFree:        12161576 kB
MemAvailable:   27179908 kB
Buffers:          625596 kB
Cached:         14958860 kB
SwapCached:            0 kB
Active:         27691116 kB
Inactive:        6928436 kB
Active(anon):   19774080 kB
Inactive(anon):        0 kB
Active(file):    7917036 kB
Inactive(file):  6928436 kB
Unevictable:       10664 kB
Mlocked:            1036 kB
SwapTotal:       4194300 kB
SwapFree:        4194300 kB
Zswap:                 0 kB
Zswapped:              0 kB
Dirty:             42884 kB
Writeback:           844 kB
AnonPages:      18867692 kB
Mapped:          5125652 kB
Shmem:            816484 kB
KReclaimable:     773108 kB
Slab:            1054884 kB
SReclaimable:     773108 kB
SUnreclaim:       281776 kB
KernelStack:       47232 kB
PageTables:       139120 kB
SecPageTables:      5672 kB
NFS_Unstable:          0 kB
Bounce:                0 kB
WritebackTmp:          0 kB
CommitLimit:    28739476 kB
Committed_AS:   38216856 kB
VmallocTotal:   34359738367 kB
VmallocUsed:      187332 kB
VmallocChunk:          0 kB
Percpu:            20448 kB
HardwareCorrupted:     0 kB
AnonHugePages:   8067072 kB
ShmemHugePages:     8192 kB
ShmemPmdMapped:        0 kB
FileHugePages:    546816 kB
FilePmdMapped:    182272 kB
CmaTotal:              0 kB
CmaFree:               0 kB
Unaccepted:            0 kB
Balloon:               0 kB
HugePages_Total:       0
HugePages_Free:        0
HugePages_Rsvd:        0
HugePages_Surp:        0
Hugepagesize:       2048 kB
Hugetlb:               0 kB
DirectMap4k:     1651532 kB
DirectMap2M:    34816000 kB
DirectMap1G:    14680064 kB

/sys/kernel/mm/transparent_hugepage/enabled: [always] madvise never
/sys/kernel/mm/transparent_hugepage/hpage_pmd_size: 2097152
/sys/kernel/mm/transparent_hugepage/shmem_enabled: always within_size advise [never] deny force
/sys/kernel/mm/transparent_hugepage/defrag (defrag/compaction efforts parameter): always defer defer+madvise [madvise] never

Process Memory:
Virtual Size: 17609848K (peak: 17612284K)
Resident Set Size: 665372K (peak: 665372K) (anon: 633612K, file: 31728K, shmem: 32K)
Swapped out: 0K
C-Heap outstanding allocations: 193259K, retained: 48708K
glibc malloc tunables: (default)

/proc/sys/kernel/threads-max (system-wide limit on the number of threads): 381858
/proc/sys/vm/max_map_count (maximum number of memory map areas a process may have): 1048576
/proc/sys/vm/swappiness (control to define how aggressively the kernel swaps out anonymous memory): 60
/proc/sys/kernel/pid_max (system-wide limit on number of process identifiers): 4194304

container information not found.
Steal ticks since vm start: 0
Steal ticks percentage since vm start:  0.000

CPU: total 24 (initial active 24) (12 cores per cpu, 2 threads per core) family 6 model 151 stepping 2 microcode 0x3a, cx8, cmov, fxsr, ht, mmx, 3dnowpref, sse, sse2, sse3, ssse3, sse4.1, sse4.2, popcnt, lzcnt, tsc, tscinvbit, avx, avx2, aes, erms, clmul, bmi1, bmi2, adx, sha, fma, vzeroupper, clflush, clflushopt, clwb, serialize, rdtscp, rdpid, fsrm, gfni, f16c, pku, ospke, cet_ibt, cet_ss
CPU Model and flags from /proc/cpuinfo:
model name	: 12th Gen Intel(R) Core(TM) i9-12900K
flags		: fpu vme de pse tsc msr pae mce cx8 apic sep mtrr pge mca cmov pat pse36 clflush dts acpi mmx fxsr sse sse2 ss ht tm pbe syscall nx pdpe1gb rdtscp lm constant_tsc art arch_perfmon pebs bts rep_good nopl xtopology nonstop_tsc cpuid aperfmperf tsc_known_freq pni pclmulqdq dtes64 monitor ds_cpl vmx smx est tm2 ssse3 sdbg fma cx16 xtpr pdcm pcid sse4_1 sse4_2 x2apic movbe popcnt tsc_deadline_timer aes xsave avx f16c rdrand lahf_lm abm 3dnowprefetch cpuid_fault epb cat_l2 cdp_l2 ssbd ibrs ibpb stibp ibrs_enhanced tpr_shadow flexpriority ept vpid ept_ad fsgsbase tsc_adjust bmi1 avx2 smep bmi2 erms invpcid rdt_a rdseed adx smap clflushopt clwb intel_pt sha_ni xsaveopt xsavec xgetbv1 xsaves split_lock_detect user_shstk avx_vnni dtherm ida arat pln pts hwp hwp_notify hwp_act_window hwp_epp hwp_pkg_req hfi vnmi umip pku ospke waitpkg gfni vaes vpclmulqdq rdpid movdiri movdir64b fsrm md_clear serialize pconfig arch_lbr ibt flush_l1d arch_capabilities

Online cpus: 0-23
Offline cpus: 
BIOS frequency limitation: <Not Available>
Frequency switch latency (ns): 0
Available cpu frequencies: <Not Available>
Current governor: powersave
Core performance/turbo boost: <Not Available>

Memory: 4k page, physical 49090352k(27179908k free), swap 4194300k(4194300k free)
Page Sizes: 4k

vm_info: OpenJDK 64-Bit Server VM (23.0.2+7) for linux-amd64 JRE (23.0.2+7), built on 2025-01-21T00:00:00Z with gcc 11.3.0

END.
